Using pre-set license
Built from '2020.3/staging' branch; Version is '2020.3.16f1 (049d6eca3c44) revision 302446'; Using compiler version '192528614'; Build Type 'Release'
OS: 'Windows 10 Pro; OS build 19044.1526; Version 2009; 64bit' Language: 'en' Physical Memory: 16326 MB
BatchMode: 1, IsHumanControllingUs: 0, StartBugReporterOnCrash: 0, Is64bit: 1, IsPro: 0

 COMMAND LINE ARGUMENTS:
C:\Program Files\Unity\Hub\Editor\2020.3.16f1\Editor\Unity.exe
-adb2
-batchMode
-noUpm
-name
AssetImportWorker3
-projectPath
D:/3_DavidDocuments/NOIT-2022/Demo VR
-logFile
Logs/AssetImportWorker3.log
-srvPort
63479
Successfully changed project path to: D:/3_DavidDocuments/NOIT-2022/Demo VR
D:/3_DavidDocuments/NOIT-2022/Demo VR
Using Asset Import Pipeline V2.
Refreshing native plugins compatible for Editor in 162.85 ms, found 12 plugins.
Preloading 2 native plugins for Editor in 3.73 ms.
Initialize engine version: 2020.3.16f1 (049d6eca3c44)
[Subsystems] Discovering subsystems at path C:/Program Files/Unity/Hub/Editor/2020.3.16f1/Editor/Data/Resources/UnitySubsystems
[Subsystems] Discovering subsystems at path D:/3_DavidDocuments/NOIT-2022/Demo VR/Assets
GfxDevice: creating device client; threaded=0
Direct3D:
    Version:  Direct3D 11.0 [level 11.1]
    Renderer: NVIDIA GeForce GTX 1050 Ti (ID=0x1c82)
    Vendor:   
    VRAM:     4018 MB
    Driver:   30.0.14.9613
Shader 'Oculus/OVRMRCameraFrameLit': fallback shader 'Alpha-Diffuse' not found
Shader 'Universal Render Pipeline/Particles/Lit': fallback shader 'Universal Render Pipeline/Particles/SimpleLit' not found
Initialize mono
Mono path[0] = 'C:/Program Files/Unity/Hub/Editor/2020.3.16f1/Editor/Data/Managed'
Mono path[1] = 'C:/Program Files/Unity/Hub/Editor/2020.3.16f1/Editor/Data/MonoBleedingEdge/lib/mono/unityjit'
Mono config path = 'C:/Program Files/Unity/Hub/Editor/2020.3.16f1/Editor/Data/MonoBleedingEdge/etc'
Using monoOptions --debugger-agent=transport=dt_socket,embedding=1,server=y,suspend=n,address=127.0.0.1:56304
Begin MonoManager ReloadAssembly
Registering precompiled unity dll's ...
Register platform support module: C:/Program Files/Unity/Hub/Editor/2020.3.16f1/Editor/Data/PlaybackEngines/WindowsStandaloneSupport/UnityEditor.WindowsStandalone.Extensions.dll
Registered in 0.004274 seconds.
Native extension for WindowsStandalone target not found
Refreshing native plugins compatible for Editor in 128.48 ms, found 12 plugins.
Preloading 2 native plugins for Editor in 0.14 ms.
Mono: successfully reloaded assembly
- Completed reload, in  2.137 seconds
Domain Reload Profiling:
	ReloadAssembly (2137ms)
		BeginReloadAssembly (108ms)
			ExecutionOrderSort (0ms)
			DisableScriptedObjects (0ms)
			BackupInstance (0ms)
			ReleaseScriptingObjects (0ms)
			CreateAndSetChildDomain (1ms)
		EndReloadAssembly (634ms)
			LoadAssemblies (105ms)
			RebuildTransferFunctionScriptingTraits (0ms)
			SetupTypeCache (205ms)
			ReleaseScriptCaches (0ms)
			RebuildScriptCaches (39ms)
			SetupLoadedEditorAssemblies (289ms)
				LogAssemblyErrors (0ms)
				InitializePlatformSupportModulesInManaged (5ms)
				SetLoadedEditorAssemblies (0ms)
				RefreshPlugins (129ms)
				BeforeProcessingInitializeOnLoad (18ms)
				ProcessInitializeOnLoadAttributes (102ms)
				ProcessInitializeOnLoadMethodAttributes (34ms)
				AfterProcessingInitializeOnLoad (0ms)
				EditorAssembliesLoaded (0ms)
			ExecutionOrderSort2 (0ms)
			AwakeInstancesAfterBackupRestoration (0ms)
Platform modules already initialized, skipping
Registering precompiled user dll's ...
Registered in 0.016230 seconds.
Begin MonoManager ReloadAssembly
Native extension for WindowsStandalone target not found
Refreshing native plugins compatible for Editor in 133.00 ms, found 12 plugins.
Preloading 2 native plugins for Editor in 0.10 ms.
[XR] OculusXRPlugin: registering subsystems
[XR] Unable to register display lifecyle provider: [1]
[XR] Oculus Input lifecycle provider registered.
[XR] Unable to register input lifecyle provider: [1]
[XR] OVRP version 1.65.0
Mono: successfully reloaded assembly
- Completed reload, in  1.993 seconds
Domain Reload Profiling:
	ReloadAssembly (1995ms)
		BeginReloadAssembly (219ms)
			ExecutionOrderSort (0ms)
			DisableScriptedObjects (6ms)
			BackupInstance (0ms)
			ReleaseScriptingObjects (0ms)
			CreateAndSetChildDomain (26ms)
		EndReloadAssembly (1692ms)
			LoadAssemblies (191ms)
			RebuildTransferFunctionScriptingTraits (0ms)
			SetupTypeCache (492ms)
			ReleaseScriptCaches (1ms)
			RebuildScriptCaches (90ms)
			SetupLoadedEditorAssemblies (793ms)
				LogAssemblyErrors (0ms)
				InitializePlatformSupportModulesInManaged (5ms)
				SetLoadedEditorAssemblies (0ms)
				RefreshPlugins (133ms)
				BeforeProcessingInitializeOnLoad (138ms)
				ProcessInitializeOnLoadAttributes (444ms)
				ProcessInitializeOnLoadMethodAttributes (62ms)
				AfterProcessingInitializeOnLoad (10ms)
				EditorAssembliesLoaded (0ms)
			ExecutionOrderSort2 (0ms)
			AwakeInstancesAfterBackupRestoration (7ms)
Platform modules already initialized, skipping
========================================================================
Worker process is ready to serve import requests
Shader 'Oculus/OVRMRCameraFrameLit': fallback shader 'Alpha-Diffuse' not found
Shader 'Universal Render Pipeline/Particles/Lit': fallback shader 'Universal Render Pipeline/Particles/SimpleLit' not found
Launched and connected shader compiler UnityShaderCompiler.exe after 0.12 seconds
Refreshing native plugins compatible for Editor in 1.67 ms, found 12 plugins.
Preloading 2 native plugins for Editor in 0.10 ms.
Unloading 4379 Unused Serialized files (Serialized files now loaded: 0)
System memory in use before: 209.8 MB.
System memory in use after: 210.0 MB.

Unloading 48 unused Assets to reduce memory usage. Loaded Objects now: 4816.
Total: 7.229100 ms (FindLiveObjects: 0.666900 ms CreateObjectMapping: 0.496900 ms MarkObjects: 5.897500 ms  DeleteObjects: 0.166300 ms)

AssetImportParameters requested are different than current active one (requested -> active):
  custom:framework-win-MediaFoundation: 216162199b28c13a410421893ffa2e32 -> 
  custom:video-decoder-ogg-theora: a1e56fd34408186e4bbccfd4996cb3dc -> 
  custom:container-muxer-webm: aa71ff27fc2769a1b78a27578f13a17b -> 
  custom:container-demuxer-webm: 4f35f7cbe854078d1ac9338744f61a02 -> 
  custom:container-demuxer-ogg: 62fdf1f143b41e24485cea50d1cbac27 -> 
  custom:video-encoder-webm-vp8: eb34c28f22e8b96e1ab97ce403110664 -> 
  custom:video-decoder-webm-vp8: 9c59270c3fd7afecdb556c50c9e8de78 -> 
  custom:audio-decoder-ogg-vorbis: bf7c407c2cedff20999df2af8eb42d56 -> 
  custom:audio-encoder-webm-vorbis: bf7c407c2cedff20999df2af8eb42d56 -> 
========================================================================
Received Import Request.
  path: Assets/ToGrab.prefab
  artifactKey: Guid(36eb5788c872f5847906238833bc6728) Importer(815301076,1909f56bfc062723c751e8b465ee728b)
Start importing Assets/ToGrab.prefab using Guid(36eb5788c872f5847906238833bc6728) Importer(815301076,1909f56bfc062723c751e8b465ee728b)  -> (artifact id: '6b8cae843d68d8b42965ad1cb1ae3afb') in 0.119676 seconds 
  Import took 0.128261 seconds .

========================================================================
Received Import Request.
  Time since last request: 0.000305 seconds.
  path: Assets/58a1e3d7e33a543010fac27d.png
  artifactKey: Guid(6f86e147e3f85bc478acd8c952e96464) Importer(815301076,1909f56bfc062723c751e8b465ee728b)
Start importing Assets/58a1e3d7e33a543010fac27d.png using Guid(6f86e147e3f85bc478acd8c952e96464) Importer(815301076,1909f56bfc062723c751e8b465ee728b)  -> (artifact id: 'c968608da5d6825ba8d16acdd4b61eed') in 0.183671 seconds 
  Import took 0.192884 seconds .

========================================================================
Received Import Request.
  Time since last request: 0.000261 seconds.
  path: Assets/22-bullet-shot-hole-png-image.png
  artifactKey: Guid(3acbf55d06644074bad5fdfcb96e2142) Importer(815301076,1909f56bfc062723c751e8b465ee728b)
Start importing Assets/22-bullet-shot-hole-png-image.png using Guid(3acbf55d06644074bad5fdfcb96e2142) Importer(815301076,1909f56bfc062723c751e8b465ee728b)  -> (artifact id: '5a51499361aca0ee7571be797b5bf897') in 0.106480 seconds 
  Import took 0.115832 seconds .

========================================================================
Received Import Request.
  Time since last request: 0.000299 seconds.
  path: Assets/58a1e3d7e33a543010fac27d 1.png
  artifactKey: Guid(38f639666b56fa14499d67c40a97164d) Importer(815301076,1909f56bfc062723c751e8b465ee728b)
Start importing Assets/58a1e3d7e33a543010fac27d 1.png using Guid(38f639666b56fa14499d67c40a97164d) Importer(815301076,1909f56bfc062723c751e8b465ee728b)  -> (artifact id: '395f0c298f44ca2274ad04ac8e8dfc87') in 0.012744 seconds 
  Import took 0.023081 seconds .

========================================================================
Received Import Request.
  Time since last request: 0.000212 seconds.
  path: Assets/HandGunPos.prefab
  artifactKey: Guid(8e322decddaccfa49a06246f63c9cf0d) Importer(815301076,1909f56bfc062723c751e8b465ee728b)
Start importing Assets/HandGunPos.prefab using Guid(8e322decddaccfa49a06246f63c9cf0d) Importer(815301076,1909f56bfc062723c751e8b465ee728b)  -> (artifact id: 'fa8c12a4bc432a7cc1071921f4c8c11a') in 0.016785 seconds 
  Import took 0.023751 seconds .

========================================================================
Received Import Request.
  Time since last request: 0.000203 seconds.
  path: Assets/Player.prefab
  artifactKey: Guid(497bd677c4835ae41a02b74e8335f647) Importer(815301076,1909f56bfc062723c751e8b465ee728b)
Start importing Assets/Player.prefab using Guid(497bd677c4835ae41a02b74e8335f647) Importer(815301076,1909f56bfc062723c751e8b465ee728b)  -> (artifact id: '0a05a9a2c46f05922752c8e0cb3eb902') in 0.040169 seconds 
  Import took 0.047564 seconds .

========================================================================
Received Import Request.
  Time since last request: 0.000230 seconds.
  path: Assets/InputSystem.inputsettings.asset
  artifactKey: Guid(4e8066cc031e2a646987b7faa6e2e692) Importer(815301076,1909f56bfc062723c751e8b465ee728b)
Start importing Assets/InputSystem.inputsettings.asset using Guid(4e8066cc031e2a646987b7faa6e2e692) Importer(815301076,1909f56bfc062723c751e8b465ee728b)  -> (artifact id: 'e21c74bdfc263068893afacfab3da28e') in 0.021972 seconds 
  Import took 0.030241 seconds .

========================================================================
Received Import Request.
  Time since last request: 0.000183 seconds.
  path: Assets/Player 1.prefab
  artifactKey: Guid(ea9ce3bd9005d2d44bbc907d3a18a3e8) Importer(815301076,1909f56bfc062723c751e8b465ee728b)
Start importing Assets/Player 1.prefab using Guid(ea9ce3bd9005d2d44bbc907d3a18a3e8) Importer(815301076,1909f56bfc062723c751e8b465ee728b)  -> (artifact id: '8c6b8235516917aab36cee976204e152') in 0.069660 seconds 
  Import took 0.077430 seconds .

========================================================================
Received Import Request.
  Time since last request: 0.000294 seconds.
  path: Assets/InteractionManager.prefab
  artifactKey: Guid(254fa37739c198f489a473ea37d96e65) Importer(815301076,1909f56bfc062723c751e8b465ee728b)
Start importing Assets/InteractionManager.prefab using Guid(254fa37739c198f489a473ea37d96e65) Importer(815301076,1909f56bfc062723c751e8b465ee728b)  -> (artifact id: 'a5dadc10fdf4515a8c5d8d38ac7569da') in 0.009133 seconds 
  Import took 0.020521 seconds .

========================================================================
Received Import Request.
  Time since last request: 0.000188 seconds.
  path: Assets/paper.png
  artifactKey: Guid(e6bf5713d7e06aa468f17b96cc482435) Importer(815301076,1909f56bfc062723c751e8b465ee728b)
Start importing Assets/paper.png using Guid(e6bf5713d7e06aa468f17b96cc482435) Importer(815301076,1909f56bfc062723c751e8b465ee728b)  -> (artifact id: 'cb907cd68b3fbd77ff258adf95aeb94a') in 0.086891 seconds 
  Import took 0.094842 seconds .

========================================================================
Received Import Request.
  Time since last request: 0.001195 seconds.
  path: Assets/logoVoennaAkademiq.png
  artifactKey: Guid(051fb88f097dd604aba3345dd370945a) Importer(815301076,1909f56bfc062723c751e8b465ee728b)
Start importing Assets/logoVoennaAkademiq.png using Guid(051fb88f097dd604aba3345dd370945a) Importer(815301076,1909f56bfc062723c751e8b465ee728b)  -> (artifact id: '0232bd72529120e63194d129292b8bce') in 0.062260 seconds 
  Import took 0.070583 seconds .

========================================================================
Received Import Request.
  Time since last request: 0.004067 seconds.
  path: Assets/logoVoennaAkademiq.png
  artifactKey: Guid(051fb88f097dd604aba3345dd370945a) Importer(815301076,1909f56bfc062723c751e8b465ee728b)
Start importing Assets/logoVoennaAkademiq.png using Guid(051fb88f097dd604aba3345dd370945a) Importer(815301076,1909f56bfc062723c751e8b465ee728b)  -> (artifact id: '0232bd72529120e63194d129292b8bce') in 0.018377 seconds 
  Import took 0.026845 seconds .

========================================================================
Received Import Request.
  Time since last request: 14.190412 seconds.
  path: Assets/58a1e3d7e33a543010fac27d 1.png
  artifactKey: Guid(38f639666b56fa14499d67c40a97164d) Importer(815301076,1909f56bfc062723c751e8b465ee728b)
Start importing Assets/58a1e3d7e33a543010fac27d 1.png using Guid(38f639666b56fa14499d67c40a97164d) Importer(815301076,1909f56bfc062723c751e8b465ee728b)  -> (artifact id: '349d1d7abdcd45f3b24620a70f98711f') in 0.016154 seconds 
  Import took 0.023112 seconds .

========================================================================
Received Import Request.
  Time since last request: 0.056870 seconds.
  path: Assets/58a1e3d7e33a543010fac27d 1.png
  artifactKey: Guid(38f639666b56fa14499d67c40a97164d) Importer(815301076,1909f56bfc062723c751e8b465ee728b)
Start importing Assets/58a1e3d7e33a543010fac27d 1.png using Guid(38f639666b56fa14499d67c40a97164d) Importer(815301076,1909f56bfc062723c751e8b465ee728b)  -> (artifact id: '349d1d7abdcd45f3b24620a70f98711f') in 0.041997 seconds 
  Import took 0.048923 seconds .

AssetImportWorkerClient::OnTransportError - code=2 error=End of file
