Using pre-set license
Built from '2020.3/staging' branch; Version is '2020.3.16f1 (049d6eca3c44) revision 302446'; Using compiler version '192528614'; Build Type 'Release'
OS: 'Windows 10 Pro; OS build 19042.1586; Version 2009; 64bit' Language: 'en' Physical Memory: 16253 MB
BatchMode: 1, IsHumanControllingUs: 0, StartBugReporterOnCrash: 0, Is64bit: 1, IsPro: 0

 COMMAND LINE ARGUMENTS:
E:\Unity\Editors\2020.3.16f1\Editor\Unity.exe
-adb2
-batchMode
-noUpm
-name
AssetImportWorker1
-projectPath
E:/Repositories/NOIT-2022/Demo VR
-logFile
Logs/AssetImportWorker1.log
-srvPort
62389
Successfully changed project path to: E:/Repositories/NOIT-2022/Demo VR
E:/Repositories/NOIT-2022/Demo VR
Using Asset Import Pipeline V2.
Refreshing native plugins compatible for Editor in 88.68 ms, found 12 plugins.
Preloading 2 native plugins for Editor in 1.32 ms.
Initialize engine version: 2020.3.16f1 (049d6eca3c44)
[Subsystems] Discovering subsystems at path E:/Unity/Editors/2020.3.16f1/Editor/Data/Resources/UnitySubsystems
[Subsystems] Discovering subsystems at path E:/Repositories/NOIT-2022/Demo VR/Assets
GfxDevice: creating device client; threaded=0
Direct3D:
    Version:  Direct3D 11.0 [level 11.1]
    Renderer: NVIDIA GeForce RTX 3060 Ti (ID=0x2489)
    Vendor:   
    VRAM:     8050 MB
    Driver:   30.0.14.7212
Shader 'Oculus/OVRMRCameraFrameLit': fallback shader 'Alpha-Diffuse' not found
Shader 'Universal Render Pipeline/Particles/Lit': fallback shader 'Universal Render Pipeline/Particles/SimpleLit' not found
Initialize mono
Mono path[0] = 'E:/Unity/Editors/2020.3.16f1/Editor/Data/Managed'
Mono path[1] = 'E:/Unity/Editors/2020.3.16f1/Editor/Data/MonoBleedingEdge/lib/mono/unityjit'
Mono config path = 'E:/Unity/Editors/2020.3.16f1/Editor/Data/MonoBleedingEdge/etc'
Using monoOptions --debugger-agent=transport=dt_socket,embedding=1,server=y,suspend=n,address=127.0.0.1:56980
Begin MonoManager ReloadAssembly
Registering precompiled unity dll's ...
Register platform support module: E:/Unity/Editors/2020.3.16f1/Editor/Data/PlaybackEngines/WindowsStandaloneSupport/UnityEditor.WindowsStandalone.Extensions.dll
Registered in 0.000693 seconds.
Native extension for WindowsStandalone target not found
Refreshing native plugins compatible for Editor in 80.67 ms, found 12 plugins.
Preloading 2 native plugins for Editor in 0.07 ms.
Mono: successfully reloaded assembly
- Completed reload, in  0.669 seconds
Domain Reload Profiling:
	ReloadAssembly (669ms)
		BeginReloadAssembly (37ms)
			ExecutionOrderSort (0ms)
			DisableScriptedObjects (0ms)
			BackupInstance (0ms)
			ReleaseScriptingObjects (0ms)
			CreateAndSetChildDomain (1ms)
		EndReloadAssembly (360ms)
			LoadAssemblies (36ms)
			RebuildTransferFunctionScriptingTraits (0ms)
			SetupTypeCache (112ms)
			ReleaseScriptCaches (0ms)
			RebuildScriptCaches (22ms)
			SetupLoadedEditorAssemblies (175ms)
				LogAssemblyErrors (0ms)
				InitializePlatformSupportModulesInManaged (3ms)
				SetLoadedEditorAssemblies (0ms)
				RefreshPlugins (81ms)
				BeforeProcessingInitializeOnLoad (12ms)
				ProcessInitializeOnLoadAttributes (58ms)
				ProcessInitializeOnLoadMethodAttributes (20ms)
				AfterProcessingInitializeOnLoad (0ms)
				EditorAssembliesLoaded (0ms)
			ExecutionOrderSort2 (0ms)
			AwakeInstancesAfterBackupRestoration (0ms)
Platform modules already initialized, skipping
Registering precompiled user dll's ...
Registered in 0.004090 seconds.
Begin MonoManager ReloadAssembly
Native extension for WindowsStandalone target not found
Refreshing native plugins compatible for Editor in 86.11 ms, found 12 plugins.
Preloading 2 native plugins for Editor in 0.07 ms.
[XR] OculusXRPlugin: registering subsystems
[XR] Unable to register display lifecyle provider: [1]
[XR] Oculus Input lifecycle provider registered.
[XR] Unable to register input lifecyle provider: [1]
[XR] OVRP version 1.65.0
Mono: successfully reloaded assembly
- Completed reload, in  1.585 seconds
Domain Reload Profiling:
	ReloadAssembly (1586ms)
		BeginReloadAssembly (98ms)
			ExecutionOrderSort (0ms)
			DisableScriptedObjects (3ms)
			BackupInstance (0ms)
			ReleaseScriptingObjects (0ms)
			CreateAndSetChildDomain (14ms)
		EndReloadAssembly (1446ms)
			LoadAssemblies (568ms)
			RebuildTransferFunctionScriptingTraits (0ms)
			SetupTypeCache (256ms)
			ReleaseScriptCaches (0ms)
			RebuildScriptCaches (50ms)
			SetupLoadedEditorAssemblies (475ms)
				LogAssemblyErrors (0ms)
				InitializePlatformSupportModulesInManaged (3ms)
				SetLoadedEditorAssemblies (0ms)
				RefreshPlugins (86ms)
				BeforeProcessingInitializeOnLoad (83ms)
				ProcessInitializeOnLoadAttributes (267ms)
				ProcessInitializeOnLoadMethodAttributes (34ms)
				AfterProcessingInitializeOnLoad (2ms)
				EditorAssembliesLoaded (0ms)
			ExecutionOrderSort2 (0ms)
			AwakeInstancesAfterBackupRestoration (5ms)
Platform modules already initialized, skipping
========================================================================
Worker process is ready to serve import requests
Shader 'Oculus/OVRMRCameraFrameLit': fallback shader 'Alpha-Diffuse' not found
Shader 'Universal Render Pipeline/Particles/Lit': fallback shader 'Universal Render Pipeline/Particles/SimpleLit' not found
Launched and connected shader compiler UnityShaderCompiler.exe after 0.09 seconds
Refreshing native plugins compatible for Editor in 1.10 ms, found 12 plugins.
Preloading 2 native plugins for Editor in 0.07 ms.
Unloading 4381 Unused Serialized files (Serialized files now loaded: 0)
System memory in use before: 210.0 MB.
System memory in use after: 210.2 MB.

Unloading 48 unused Assets to reduce memory usage. Loaded Objects now: 4818.
Total: 3.355000 ms (FindLiveObjects: 0.282800 ms CreateObjectMapping: 0.128000 ms MarkObjects: 2.853900 ms  DeleteObjects: 0.089200 ms)

AssetImportParameters requested are different than current active one (requested -> active):
  custom:framework-win-MediaFoundation: 216162199b28c13a410421893ffa2e32 -> 
  custom:video-decoder-ogg-theora: a1e56fd34408186e4bbccfd4996cb3dc -> 
  custom:container-muxer-webm: aa71ff27fc2769a1b78a27578f13a17b -> 
  custom:container-demuxer-webm: 4f35f7cbe854078d1ac9338744f61a02 -> 
  custom:container-demuxer-ogg: 62fdf1f143b41e24485cea50d1cbac27 -> 
  custom:video-encoder-webm-vp8: eb34c28f22e8b96e1ab97ce403110664 -> 
  custom:video-decoder-webm-vp8: 9c59270c3fd7afecdb556c50c9e8de78 -> 
  custom:audio-decoder-ogg-vorbis: bf7c407c2cedff20999df2af8eb42d56 -> 
  custom:audio-encoder-webm-vorbis: bf7c407c2cedff20999df2af8eb42d56 -> 
========================================================================
Received Import Request.
  path: Assets/489-4893506_oculus-touch-controller-line-hd-png-download.png
  artifactKey: Guid(aca3ccb55d36cbd409581468caf2e2c7) Importer(815301076,1909f56bfc062723c751e8b465ee728b)
Start importing Assets/489-4893506_oculus-touch-controller-line-hd-png-download.png using Guid(aca3ccb55d36cbd409581468caf2e2c7) Importer(815301076,1909f56bfc062723c751e8b465ee728b)  -> (artifact id: '2c85442781e6717d146b93c24cb5510a') in 0.149302 seconds 
  Import took 0.154472 seconds .

========================================================================
Received Import Request.
  Time since last request: 0.000122 seconds.
  path: Assets/ToGrab.prefab
  artifactKey: Guid(36eb5788c872f5847906238833bc6728) Importer(815301076,1909f56bfc062723c751e8b465ee728b)
Start importing Assets/ToGrab.prefab using Guid(36eb5788c872f5847906238833bc6728) Importer(815301076,1909f56bfc062723c751e8b465ee728b)  -> (artifact id: 'f9566188c45b10ad31d1f4c8cedcaffe') in 0.014022 seconds 
  Import took 0.019351 seconds .

========================================================================
Received Import Request.
  Time since last request: 0.000171 seconds.
  path: Assets/58a1e3d7e33a543010fac27d.png
  artifactKey: Guid(6f86e147e3f85bc478acd8c952e96464) Importer(815301076,1909f56bfc062723c751e8b465ee728b)
Start importing Assets/58a1e3d7e33a543010fac27d.png using Guid(6f86e147e3f85bc478acd8c952e96464) Importer(815301076,1909f56bfc062723c751e8b465ee728b)  -> (artifact id: 'cd3aaa789096adf62fe7f22f34312540') in 0.013877 seconds 
  Import took 0.019374 seconds .

========================================================================
Received Import Request.
  Time since last request: 0.000159 seconds.
  path: Assets/22-bullet-shot-hole-png-image.png
  artifactKey: Guid(3acbf55d06644074bad5fdfcb96e2142) Importer(815301076,1909f56bfc062723c751e8b465ee728b)
Start importing Assets/22-bullet-shot-hole-png-image.png using Guid(3acbf55d06644074bad5fdfcb96e2142) Importer(815301076,1909f56bfc062723c751e8b465ee728b)  -> (artifact id: '30a910667ff69618fb00ec241f75b6d2') in 0.028124 seconds 
  Import took 0.033711 seconds .

========================================================================
Received Import Request.
  Time since last request: 0.000154 seconds.
  path: Assets/58a1e3d7e33a543010fac27d 1.png
  artifactKey: Guid(38f639666b56fa14499d67c40a97164d) Importer(815301076,1909f56bfc062723c751e8b465ee728b)
Start importing Assets/58a1e3d7e33a543010fac27d 1.png using Guid(38f639666b56fa14499d67c40a97164d) Importer(815301076,1909f56bfc062723c751e8b465ee728b)  -> (artifact id: '2831715caf461ff0d5fad79f6067d637') in 0.019757 seconds 
  Import took 0.025376 seconds .

========================================================================
Received Import Request.
  Time since last request: 0.000168 seconds.
  path: Assets/HandGunPos.prefab
  artifactKey: Guid(8e322decddaccfa49a06246f63c9cf0d) Importer(815301076,1909f56bfc062723c751e8b465ee728b)
Start importing Assets/HandGunPos.prefab using Guid(8e322decddaccfa49a06246f63c9cf0d) Importer(815301076,1909f56bfc062723c751e8b465ee728b)  -> (artifact id: 'd5e196e48b5a09e28ab2a68778ae468e') in 0.006451 seconds 
  Import took 0.011362 seconds .

========================================================================
Received Import Request.
  Time since last request: 0.000149 seconds.
  path: Assets/58a1e3d7e33a543010fac27d 1.png
  artifactKey: Guid(38f639666b56fa14499d67c40a97164d) Importer(815301076,1909f56bfc062723c751e8b465ee728b)
Start importing Assets/58a1e3d7e33a543010fac27d 1.png using Guid(38f639666b56fa14499d67c40a97164d) Importer(815301076,1909f56bfc062723c751e8b465ee728b)  -> (artifact id: '2831715caf461ff0d5fad79f6067d637') in 0.026769 seconds 
  Import took 0.031976 seconds .

========================================================================
Received Import Request.
  Time since last request: 0.000170 seconds.
  path: Assets/Player.prefab
  artifactKey: Guid(497bd677c4835ae41a02b74e8335f647) Importer(815301076,1909f56bfc062723c751e8b465ee728b)
Start importing Assets/Player.prefab using Guid(497bd677c4835ae41a02b74e8335f647) Importer(815301076,1909f56bfc062723c751e8b465ee728b)  -> (artifact id: 'e002b21ce2dfc192253038852f42b574') in 0.010287 seconds 
  Import took 0.015933 seconds .

========================================================================
Received Import Request.
  Time since last request: 0.000176 seconds.
  path: Assets/InputSystem.inputsettings.asset
  artifactKey: Guid(4e8066cc031e2a646987b7faa6e2e692) Importer(815301076,1909f56bfc062723c751e8b465ee728b)
Start importing Assets/InputSystem.inputsettings.asset using Guid(4e8066cc031e2a646987b7faa6e2e692) Importer(815301076,1909f56bfc062723c751e8b465ee728b)  -> (artifact id: '66d7ca71b7df3f8539e0ac589a5c0fff') in 0.005839 seconds 
  Import took 0.010917 seconds .

========================================================================
Received Import Request.
  Time since last request: 0.000137 seconds.
  path: Assets/Player 1.prefab
  artifactKey: Guid(ea9ce3bd9005d2d44bbc907d3a18a3e8) Importer(815301076,1909f56bfc062723c751e8b465ee728b)
Start importing Assets/Player 1.prefab using Guid(ea9ce3bd9005d2d44bbc907d3a18a3e8) Importer(815301076,1909f56bfc062723c751e8b465ee728b)  -> (artifact id: 'b0e12c4430b58986b7ac3118794b94f1') in 0.031371 seconds 
  Import took 0.036827 seconds .

========================================================================
Received Import Request.
  Time since last request: 0.000138 seconds.
  path: Assets/InteractionManager.prefab
  artifactKey: Guid(254fa37739c198f489a473ea37d96e65) Importer(815301076,1909f56bfc062723c751e8b465ee728b)
Start importing Assets/InteractionManager.prefab using Guid(254fa37739c198f489a473ea37d96e65) Importer(815301076,1909f56bfc062723c751e8b465ee728b)  -> (artifact id: 'f2c79d0d7c21a039d4194b683b11f139') in 0.007143 seconds 
  Import took 0.012209 seconds .

========================================================================
Received Import Request.
  Time since last request: 0.000114 seconds.
  path: Assets/contorller.png
  artifactKey: Guid(7eb93f8823e0ef949850673a4622cf09) Importer(815301076,1909f56bfc062723c751e8b465ee728b)
Start importing Assets/contorller.png using Guid(7eb93f8823e0ef949850673a4622cf09) Importer(815301076,1909f56bfc062723c751e8b465ee728b)  -> (artifact id: '428772fc1eeb28688a003aac6b8243ea') in 0.031456 seconds 
  Import took 0.037039 seconds .

========================================================================
Received Import Request.
  Time since last request: 0.000185 seconds.
  path: Assets/paper.png
  artifactKey: Guid(e6bf5713d7e06aa468f17b96cc482435) Importer(815301076,1909f56bfc062723c751e8b465ee728b)
Start importing Assets/paper.png using Guid(e6bf5713d7e06aa468f17b96cc482435) Importer(815301076,1909f56bfc062723c751e8b465ee728b)  -> (artifact id: '3517a1efe8143ba5c0d21a0850e13f8c') in 0.019861 seconds 
  Import took 0.025211 seconds .

========================================================================
Received Import Request.
  Time since last request: 0.000156 seconds.
  path: Assets/logoVoennaAkademiq.png
  artifactKey: Guid(051fb88f097dd604aba3345dd370945a) Importer(815301076,1909f56bfc062723c751e8b465ee728b)
Start importing Assets/logoVoennaAkademiq.png using Guid(051fb88f097dd604aba3345dd370945a) Importer(815301076,1909f56bfc062723c751e8b465ee728b)  -> (artifact id: 'e46c78afaa04c0238c5c971a9d480ec7') in 0.018837 seconds 
  Import took 0.024281 seconds .

========================================================================
Received Import Request.
  Time since last request: 0.009762 seconds.
  path: Assets/logoVoennaAkademiq.png
  artifactKey: Guid(051fb88f097dd604aba3345dd370945a) Importer(815301076,1909f56bfc062723c751e8b465ee728b)
Start importing Assets/logoVoennaAkademiq.png using Guid(051fb88f097dd604aba3345dd370945a) Importer(815301076,1909f56bfc062723c751e8b465ee728b)  -> (artifact id: 'e46c78afaa04c0238c5c971a9d480ec7') in 0.014860 seconds 
  Import took 0.020781 seconds .

========================================================================
Received Import Request.
  Time since last request: 66.397474 seconds.
  path: Assets/SkySeries Freebie
  artifactKey: Guid(1d0b93030d96bf64d9d63a1920d9f686) Importer(815301076,1909f56bfc062723c751e8b465ee728b)
Start importing Assets/SkySeries Freebie using Guid(1d0b93030d96bf64d9d63a1920d9f686) Importer(815301076,1909f56bfc062723c751e8b465ee728b)  -> (artifact id: '2e00b43ac2df1f0a7fffd1840f281f50') in 0.003703 seconds 
  Import took 0.009316 seconds .

========================================================================
Received Import Request.
  Time since last request: 0.047277 seconds.
  path: Assets/SkySeries Freebie
  artifactKey: Guid(1d0b93030d96bf64d9d63a1920d9f686) Importer(815301076,1909f56bfc062723c751e8b465ee728b)
Start importing Assets/SkySeries Freebie using Guid(1d0b93030d96bf64d9d63a1920d9f686) Importer(815301076,1909f56bfc062723c751e8b465ee728b)  -> (artifact id: '2e00b43ac2df1f0a7fffd1840f281f50') in 0.001429 seconds 
  Import took 0.006738 seconds .

========================================================================
Received Import Request.
  Time since last request: 2.618859 seconds.
  path: Assets/Sounds
  artifactKey: Guid(e957771a88adadc479e65da477387689) Importer(815301076,1909f56bfc062723c751e8b465ee728b)
Start importing Assets/Sounds using Guid(e957771a88adadc479e65da477387689) Importer(815301076,1909f56bfc062723c751e8b465ee728b)  -> (artifact id: '1d13dffe7ccae87edb014a0ade60debe') in 0.003921 seconds 
  Import took 0.010420 seconds .

========================================================================
Received Import Request.
  Time since last request: 0.621873 seconds.
  path: Assets/terrain
  artifactKey: Guid(60c62149c36d7c544964a38a40795683) Importer(815301076,1909f56bfc062723c751e8b465ee728b)
Start importing Assets/terrain using Guid(60c62149c36d7c544964a38a40795683) Importer(815301076,1909f56bfc062723c751e8b465ee728b)  -> (artifact id: '7daa66274084c38e3c8a2ffa16c1efd2') in 0.004053 seconds 
  Import took 0.009392 seconds .

========================================================================
Received Import Request.
  Time since last request: 0.405482 seconds.
  path: Assets/Textures
  artifactKey: Guid(67a4e838059f6e247aa2c93bb16e7919) Importer(815301076,1909f56bfc062723c751e8b465ee728b)
Start importing Assets/Textures using Guid(67a4e838059f6e247aa2c93bb16e7919) Importer(815301076,1909f56bfc062723c751e8b465ee728b)  -> (artifact id: '897ae565956c208cdc8bec694a5e5463') in 0.004244 seconds 
  Import took 0.009595 seconds .

========================================================================
Received Import Request.
  Time since last request: 0.369412 seconds.
  path: Assets/Thirdparty
  artifactKey: Guid(1ac07ceb250421c4a91319c581ca639c) Importer(815301076,1909f56bfc062723c751e8b465ee728b)
Start importing Assets/Thirdparty using Guid(1ac07ceb250421c4a91319c581ca639c) Importer(815301076,1909f56bfc062723c751e8b465ee728b)  -> (artifact id: '39b220b3e8564f2dbcc59e2797b7114e') in 0.012620 seconds 
  Import took 0.018135 seconds .

========================================================================
Received Import Request.
  Time since last request: 0.358024 seconds.
  path: Assets/URP bullshits
  artifactKey: Guid(4a79c9eca63901a42b90a0ead57e6c1d) Importer(815301076,1909f56bfc062723c751e8b465ee728b)
Start importing Assets/URP bullshits using Guid(4a79c9eca63901a42b90a0ead57e6c1d) Importer(815301076,1909f56bfc062723c751e8b465ee728b)  -> (artifact id: '0d10c7222baa336ac1b7dbf8d7b10a23') in 0.004664 seconds 
  Import took 0.010106 seconds .

========================================================================
Received Import Request.
  Time since last request: 0.493215 seconds.
  path: Assets/XR
  artifactKey: Guid(804d3791964653c41a3213cb332fb64f) Importer(815301076,1909f56bfc062723c751e8b465ee728b)
Start importing Assets/XR using Guid(804d3791964653c41a3213cb332fb64f) Importer(815301076,1909f56bfc062723c751e8b465ee728b)  -> (artifact id: '616e0d36fac1675a83920b321b29e5df') in 0.003953 seconds 
  Import took 0.009385 seconds .

========================================================================
Received Import Request.
  Time since last request: 0.358138 seconds.
  path: Assets/XRI
  artifactKey: Guid(f103afa9c4461024ebcaf8d5515cc2df) Importer(815301076,1909f56bfc062723c751e8b465ee728b)
Start importing Assets/XRI using Guid(f103afa9c4461024ebcaf8d5515cc2df) Importer(815301076,1909f56bfc062723c751e8b465ee728b)  -> (artifact id: '729644a2bccc2bad7fa73fbdda6f1bac') in 0.003872 seconds 
  Import took 0.009133 seconds .

========================================================================
Received Import Request.
  Time since last request: 0.753787 seconds.
  path: Assets/3D models
  artifactKey: Guid(e567d1dc337a53b4d82903a1e8907406) Importer(815301076,1909f56bfc062723c751e8b465ee728b)
Start importing Assets/3D models using Guid(e567d1dc337a53b4d82903a1e8907406) Importer(815301076,1909f56bfc062723c751e8b465ee728b)  -> (artifact id: 'ae37f360595223d4caca6a06740fee61') in 0.004331 seconds 
  Import took 0.009886 seconds .

========================================================================
Received Import Request.
  Time since last request: 0.583375 seconds.
  path: Assets/GrabOffsets
  artifactKey: Guid(f7bd55ea63a7f0e4ab895d648c515e48) Importer(815301076,1909f56bfc062723c751e8b465ee728b)
Start importing Assets/GrabOffsets using Guid(f7bd55ea63a7f0e4ab895d648c515e48) Importer(815301076,1909f56bfc062723c751e8b465ee728b)  -> (artifact id: '084bfe6df230c4758ddec5c2dd82437c') in 0.003861 seconds 
  Import took 0.009107 seconds .

========================================================================
Received Import Request.
  Time since last request: 0.356013 seconds.
  path: Assets/Kandooz
  artifactKey: Guid(6988914667a2d654698d6245a8ea71ed) Importer(815301076,1909f56bfc062723c751e8b465ee728b)
Start importing Assets/Kandooz using Guid(6988914667a2d654698d6245a8ea71ed) Importer(815301076,1909f56bfc062723c751e8b465ee728b)  -> (artifact id: '1e70f5e43932e72c15727bc4f9e0192d') in 0.004260 seconds 
  Import took 0.009550 seconds .

========================================================================
Received Import Request.
  Time since last request: 0.345383 seconds.
  path: Assets/laxer tree pkg
  artifactKey: Guid(d992086c9bc66c74fbb0b41e081caf54) Importer(815301076,1909f56bfc062723c751e8b465ee728b)
Start importing Assets/laxer tree pkg using Guid(d992086c9bc66c74fbb0b41e081caf54) Importer(815301076,1909f56bfc062723c751e8b465ee728b)  -> (artifact id: 'ac514e4311c1ea2f9c23b342c7b3a9ac') in 0.003743 seconds 
  Import took 0.009600 seconds .

========================================================================
Received Import Request.
  Time since last request: 0.328700 seconds.
  path: Assets/Materials
  artifactKey: Guid(a2697a1804d3cf34e943a56cc32babe0) Importer(815301076,1909f56bfc062723c751e8b465ee728b)
Start importing Assets/Materials using Guid(a2697a1804d3cf34e943a56cc32babe0) Importer(815301076,1909f56bfc062723c751e8b465ee728b)  -> (artifact id: '42a2e6aac57ec6cb320642040f6700ca') in 0.005346 seconds 
  Import took 0.010609 seconds .

========================================================================
Received Import Request.
  Time since last request: 0.288319 seconds.
  path: Assets/NatureManufacture Assets
  artifactKey: Guid(743da36f4275ab64eb8c2a3ec93d6ba6) Importer(815301076,1909f56bfc062723c751e8b465ee728b)
Start importing Assets/NatureManufacture Assets using Guid(743da36f4275ab64eb8c2a3ec93d6ba6) Importer(815301076,1909f56bfc062723c751e8b465ee728b)  -> (artifact id: 'd73a26400f1d36a0dd9a5a84435683e7') in 0.003772 seconds 
  Import took 0.009225 seconds .

========================================================================
Received Prepare
Registering precompiled user dll's ...
Registered in 0.004163 seconds.
Begin MonoManager ReloadAssembly
Native extension for WindowsStandalone target not found
Refreshing native plugins compatible for Editor in 1.16 ms, found 12 plugins.
Preloading 2 native plugins for Editor in 0.09 ms.
Mono: successfully reloaded assembly
- Completed reload, in  0.914 seconds
Domain Reload Profiling:
	ReloadAssembly (915ms)
		BeginReloadAssembly (89ms)
			ExecutionOrderSort (0ms)
			DisableScriptedObjects (3ms)
			BackupInstance (0ms)
			ReleaseScriptingObjects (0ms)
			CreateAndSetChildDomain (33ms)
		EndReloadAssembly (780ms)
			LoadAssemblies (68ms)
			RebuildTransferFunctionScriptingTraits (0ms)
			SetupTypeCache (258ms)
			ReleaseScriptCaches (1ms)
			RebuildScriptCaches (34ms)
			SetupLoadedEditorAssemblies (333ms)
				LogAssemblyErrors (0ms)
				InitializePlatformSupportModulesInManaged (3ms)
				SetLoadedEditorAssemblies (0ms)
				RefreshPlugins (1ms)
				BeforeProcessingInitializeOnLoad (69ms)
				ProcessInitializeOnLoadAttributes (252ms)
				ProcessInitializeOnLoadMethodAttributes (6ms)
				AfterProcessingInitializeOnLoad (2ms)
				EditorAssembliesLoaded (0ms)
			ExecutionOrderSort2 (0ms)
			AwakeInstancesAfterBackupRestoration (7ms)
Platform modules already initialized, skipping
Shader 'Oculus/OVRMRCameraFrameLit': fallback shader 'Alpha-Diffuse' not found
Shader 'Universal Render Pipeline/Particles/Lit': fallback shader 'Universal Render Pipeline/Particles/SimpleLit' not found
Refreshing native plugins compatible for Editor in 1.01 ms, found 12 plugins.
Preloading 2 native plugins for Editor in 0.06 ms.
Unloading 4152 Unused Serialized files (Serialized files now loaded: 0)
System memory in use before: 196.2 MB.
System memory in use after: 196.5 MB.

Unloading 41 unused Assets to reduce memory usage. Loaded Objects now: 4837.
Total: 2.929600 ms (FindLiveObjects: 0.262400 ms CreateObjectMapping: 0.115100 ms MarkObjects: 2.526400 ms  DeleteObjects: 0.024100 ms)

AssetImportParameters requested are different than current active one (requested -> active):
  custom:framework-win-MediaFoundation: 216162199b28c13a410421893ffa2e32 -> 
  custom:video-decoder-ogg-theora: a1e56fd34408186e4bbccfd4996cb3dc -> 
  custom:container-muxer-webm: aa71ff27fc2769a1b78a27578f13a17b -> 
  custom:container-demuxer-webm: 4f35f7cbe854078d1ac9338744f61a02 -> 
  custom:container-demuxer-ogg: 62fdf1f143b41e24485cea50d1cbac27 -> 
  custom:video-encoder-webm-vp8: eb34c28f22e8b96e1ab97ce403110664 -> 
  custom:video-decoder-webm-vp8: 9c59270c3fd7afecdb556c50c9e8de78 -> 
  custom:audio-decoder-ogg-vorbis: bf7c407c2cedff20999df2af8eb42d56 -> 
  custom:audio-encoder-webm-vorbis: bf7c407c2cedff20999df2af8eb42d56 -> 
========================================================================
Received Prepare
Registering precompiled user dll's ...
Registered in 0.004246 seconds.
Begin MonoManager ReloadAssembly
Native extension for WindowsStandalone target not found
Refreshing native plugins compatible for Editor in 1.05 ms, found 12 plugins.
Preloading 2 native plugins for Editor in 0.06 ms.
Mono: successfully reloaded assembly
- Completed reload, in  0.910 seconds
Domain Reload Profiling:
	ReloadAssembly (911ms)
		BeginReloadAssembly (79ms)
			ExecutionOrderSort (0ms)
			DisableScriptedObjects (3ms)
			BackupInstance (0ms)
			ReleaseScriptingObjects (0ms)
			CreateAndSetChildDomain (27ms)
		EndReloadAssembly (789ms)
			LoadAssemblies (68ms)
			RebuildTransferFunctionScriptingTraits (0ms)
			SetupTypeCache (265ms)
			ReleaseScriptCaches (1ms)
			RebuildScriptCaches (35ms)
			SetupLoadedEditorAssemblies (333ms)
				LogAssemblyErrors (0ms)
				InitializePlatformSupportModulesInManaged (3ms)
				SetLoadedEditorAssemblies (0ms)
				RefreshPlugins (1ms)
				BeforeProcessingInitializeOnLoad (69ms)
				ProcessInitializeOnLoadAttributes (253ms)
				ProcessInitializeOnLoadMethodAttributes (5ms)
				AfterProcessingInitializeOnLoad (2ms)
				EditorAssembliesLoaded (0ms)
			ExecutionOrderSort2 (0ms)
			AwakeInstancesAfterBackupRestoration (8ms)
Platform modules already initialized, skipping
Shader 'Oculus/OVRMRCameraFrameLit': fallback shader 'Alpha-Diffuse' not found
Shader 'Universal Render Pipeline/Particles/Lit': fallback shader 'Universal Render Pipeline/Particles/SimpleLit' not found
Refreshing native plugins compatible for Editor in 1.02 ms, found 12 plugins.
Preloading 2 native plugins for Editor in 0.06 ms.
Unloading 4152 Unused Serialized files (Serialized files now loaded: 0)
System memory in use before: 196.3 MB.
System memory in use after: 196.5 MB.

Unloading 41 unused Assets to reduce memory usage. Loaded Objects now: 4840.
Total: 2.737500 ms (FindLiveObjects: 0.291100 ms CreateObjectMapping: 0.143900 ms MarkObjects: 2.281900 ms  DeleteObjects: 0.019700 ms)

AssetImportParameters requested are different than current active one (requested -> active):
  custom:framework-win-MediaFoundation: 216162199b28c13a410421893ffa2e32 -> 
  custom:video-decoder-ogg-theora: a1e56fd34408186e4bbccfd4996cb3dc -> 
  custom:container-muxer-webm: aa71ff27fc2769a1b78a27578f13a17b -> 
  custom:container-demuxer-webm: 4f35f7cbe854078d1ac9338744f61a02 -> 
  custom:container-demuxer-ogg: 62fdf1f143b41e24485cea50d1cbac27 -> 
  custom:video-encoder-webm-vp8: eb34c28f22e8b96e1ab97ce403110664 -> 
  custom:video-decoder-webm-vp8: 9c59270c3fd7afecdb556c50c9e8de78 -> 
  custom:audio-decoder-ogg-vorbis: bf7c407c2cedff20999df2af8eb42d56 -> 
  custom:audio-encoder-webm-vorbis: bf7c407c2cedff20999df2af8eb42d56 -> 
========================================================================
Received Import Request.
  Time since last request: 485.424797 seconds.
  path: ProjectSettings/TagManager.asset
  artifactKey: Guid(00000000000000003000000000000000) Importer(815301076,1909f56bfc062723c751e8b465ee728b)
Start importing ProjectSettings/TagManager.asset using Guid(00000000000000003000000000000000) Importer(815301076,1909f56bfc062723c751e8b465ee728b)  -> (artifact id: 'cd48b4406651b5611bde0d93fdfff0b4') in 0.057306 seconds 
  Import took 0.063818 seconds .

========================================================================
Received Import Request.
  Time since last request: 19.077480 seconds.
  path: Assets/XRI/Settings/Resources/InteractionLayerSettings.asset
  artifactKey: Guid(e5adacfbc47cb724c8a7c09a0aa4edd6) Importer(815301076,1909f56bfc062723c751e8b465ee728b)
Start importing Assets/XRI/Settings/Resources/InteractionLayerSettings.asset using Guid(e5adacfbc47cb724c8a7c09a0aa4edd6) Importer(815301076,1909f56bfc062723c751e8b465ee728b)  -> (artifact id: 'f63dbb5102d30e73d013ba7239508043') in 0.005728 seconds 
  Import took 0.011042 seconds .

========================================================================
Received Prepare
Registering precompiled user dll's ...
Registered in 0.004431 seconds.
Begin MonoManager ReloadAssembly
Native extension for WindowsStandalone target not found
Refreshing native plugins compatible for Editor in 1.05 ms, found 12 plugins.
Preloading 2 native plugins for Editor in 0.08 ms.
Mono: successfully reloaded assembly
- Completed reload, in  0.880 seconds
Domain Reload Profiling:
	ReloadAssembly (880ms)
		BeginReloadAssembly (81ms)
			ExecutionOrderSort (0ms)
			DisableScriptedObjects (3ms)
			BackupInstance (0ms)
			ReleaseScriptingObjects (0ms)
			CreateAndSetChildDomain (31ms)
		EndReloadAssembly (759ms)
			LoadAssemblies (66ms)
			RebuildTransferFunctionScriptingTraits (0ms)
			SetupTypeCache (245ms)
			ReleaseScriptCaches (1ms)
			RebuildScriptCaches (33ms)
			SetupLoadedEditorAssemblies (327ms)
				LogAssemblyErrors (0ms)
				InitializePlatformSupportModulesInManaged (3ms)
				SetLoadedEditorAssemblies (0ms)
				RefreshPlugins (1ms)
				BeforeProcessingInitializeOnLoad (71ms)
				ProcessInitializeOnLoadAttributes (244ms)
				ProcessInitializeOnLoadMethodAttributes (6ms)
				AfterProcessingInitializeOnLoad (2ms)
				EditorAssembliesLoaded (0ms)
			ExecutionOrderSort2 (0ms)
			AwakeInstancesAfterBackupRestoration (7ms)
Platform modules already initialized, skipping
Shader 'Oculus/OVRMRCameraFrameLit': fallback shader 'Alpha-Diffuse' not found
Shader 'Universal Render Pipeline/Particles/Lit': fallback shader 'Universal Render Pipeline/Particles/SimpleLit' not found
Refreshing native plugins compatible for Editor in 1.00 ms, found 12 plugins.
Preloading 2 native plugins for Editor in 0.06 ms.
Unloading 4152 Unused Serialized files (Serialized files now loaded: 0)
System memory in use before: 196.3 MB.
System memory in use after: 196.6 MB.

Unloading 42 unused Assets to reduce memory usage. Loaded Objects now: 4843.
Total: 3.015900 ms (FindLiveObjects: 0.255200 ms CreateObjectMapping: 0.128500 ms MarkObjects: 2.607300 ms  DeleteObjects: 0.023600 ms)

AssetImportParameters requested are different than current active one (requested -> active):
  custom:framework-win-MediaFoundation: 216162199b28c13a410421893ffa2e32 -> 
  custom:video-decoder-ogg-theora: a1e56fd34408186e4bbccfd4996cb3dc -> 
  custom:container-muxer-webm: aa71ff27fc2769a1b78a27578f13a17b -> 
  custom:container-demuxer-webm: 4f35f7cbe854078d1ac9338744f61a02 -> 
  custom:container-demuxer-ogg: 62fdf1f143b41e24485cea50d1cbac27 -> 
  custom:video-encoder-webm-vp8: eb34c28f22e8b96e1ab97ce403110664 -> 
  custom:video-decoder-webm-vp8: 9c59270c3fd7afecdb556c50c9e8de78 -> 
  custom:audio-decoder-ogg-vorbis: bf7c407c2cedff20999df2af8eb42d56 -> 
  custom:audio-encoder-webm-vorbis: bf7c407c2cedff20999df2af8eb42d56 -> 
========================================================================
Received Prepare
Registering precompiled user dll's ...
Registered in 0.004281 seconds.
Begin MonoManager ReloadAssembly
Native extension for WindowsStandalone target not found
Refreshing native plugins compatible for Editor in 1.33 ms, found 12 plugins.
Preloading 2 native plugins for Editor in 0.08 ms.
Mono: successfully reloaded assembly
- Completed reload, in  0.900 seconds
Domain Reload Profiling:
	ReloadAssembly (900ms)
		BeginReloadAssembly (79ms)
			ExecutionOrderSort (0ms)
			DisableScriptedObjects (3ms)
			BackupInstance (0ms)
			ReleaseScriptingObjects (0ms)
			CreateAndSetChildDomain (28ms)
		EndReloadAssembly (779ms)
			LoadAssemblies (64ms)
			RebuildTransferFunctionScriptingTraits (0ms)
			SetupTypeCache (245ms)
			ReleaseScriptCaches (1ms)
			RebuildScriptCaches (35ms)
			SetupLoadedEditorAssemblies (339ms)
				LogAssemblyErrors (0ms)
				InitializePlatformSupportModulesInManaged (4ms)
				SetLoadedEditorAssemblies (1ms)
				RefreshPlugins (1ms)
				BeforeProcessingInitializeOnLoad (72ms)
				ProcessInitializeOnLoadAttributes (253ms)
				ProcessInitializeOnLoadMethodAttributes (5ms)
				AfterProcessingInitializeOnLoad (2ms)
				EditorAssembliesLoaded (0ms)
			ExecutionOrderSort2 (0ms)
			AwakeInstancesAfterBackupRestoration (8ms)
Platform modules already initialized, skipping
Shader 'Oculus/OVRMRCameraFrameLit': fallback shader 'Alpha-Diffuse' not found
Shader 'Universal Render Pipeline/Particles/Lit': fallback shader 'Universal Render Pipeline/Particles/SimpleLit' not found
Refreshing native plugins compatible for Editor in 1.03 ms, found 12 plugins.
Preloading 2 native plugins for Editor in 0.06 ms.
Unloading 4152 Unused Serialized files (Serialized files now loaded: 0)
System memory in use before: 196.4 MB.
System memory in use after: 196.6 MB.

Unloading 41 unused Assets to reduce memory usage. Loaded Objects now: 4846.
Total: 3.713100 ms (FindLiveObjects: 0.343300 ms CreateObjectMapping: 0.152700 ms MarkObjects: 3.185400 ms  DeleteObjects: 0.030200 ms)

AssetImportParameters requested are different than current active one (requested -> active):
  custom:framework-win-MediaFoundation: 216162199b28c13a410421893ffa2e32 -> 
  custom:video-decoder-ogg-theora: a1e56fd34408186e4bbccfd4996cb3dc -> 
  custom:container-muxer-webm: aa71ff27fc2769a1b78a27578f13a17b -> 
  custom:container-demuxer-webm: 4f35f7cbe854078d1ac9338744f61a02 -> 
  custom:container-demuxer-ogg: 62fdf1f143b41e24485cea50d1cbac27 -> 
  custom:video-encoder-webm-vp8: eb34c28f22e8b96e1ab97ce403110664 -> 
  custom:video-decoder-webm-vp8: 9c59270c3fd7afecdb556c50c9e8de78 -> 
  custom:audio-decoder-ogg-vorbis: bf7c407c2cedff20999df2af8eb42d56 -> 
  custom:audio-encoder-webm-vorbis: bf7c407c2cedff20999df2af8eb42d56 -> 
========================================================================
Received Prepare
Registering precompiled user dll's ...
Registered in 0.004327 seconds.
Begin MonoManager ReloadAssembly
Native extension for WindowsStandalone target not found
Refreshing native plugins compatible for Editor in 1.09 ms, found 12 plugins.
Preloading 2 native plugins for Editor in 0.08 ms.
Mono: successfully reloaded assembly
- Completed reload, in  0.976 seconds
Domain Reload Profiling:
	ReloadAssembly (977ms)
		BeginReloadAssembly (76ms)
			ExecutionOrderSort (0ms)
			DisableScriptedObjects (3ms)
			BackupInstance (0ms)
			ReleaseScriptingObjects (0ms)
			CreateAndSetChildDomain (26ms)
		EndReloadAssembly (855ms)
			LoadAssemblies (63ms)
			RebuildTransferFunctionScriptingTraits (0ms)
			SetupTypeCache (282ms)
			ReleaseScriptCaches (2ms)
			RebuildScriptCaches (58ms)
			SetupLoadedEditorAssemblies (344ms)
				LogAssemblyErrors (0ms)
				InitializePlatformSupportModulesInManaged (3ms)
				SetLoadedEditorAssemblies (0ms)
				RefreshPlugins (1ms)
				BeforeProcessingInitializeOnLoad (78ms)
				ProcessInitializeOnLoadAttributes (254ms)
				ProcessInitializeOnLoadMethodAttributes (6ms)
				AfterProcessingInitializeOnLoad (1ms)
				EditorAssembliesLoaded (0ms)
			ExecutionOrderSort2 (0ms)
			AwakeInstancesAfterBackupRestoration (8ms)
Platform modules already initialized, skipping
Shader 'Oculus/OVRMRCameraFrameLit': fallback shader 'Alpha-Diffuse' not found
Shader 'Universal Render Pipeline/Particles/Lit': fallback shader 'Universal Render Pipeline/Particles/SimpleLit' not found
Refreshing native plugins compatible for Editor in 1.04 ms, found 12 plugins.
Preloading 2 native plugins for Editor in 0.07 ms.
Unloading 4152 Unused Serialized files (Serialized files now loaded: 0)
System memory in use before: 196.4 MB.
System memory in use after: 196.6 MB.

Unloading 41 unused Assets to reduce memory usage. Loaded Objects now: 4849.
Total: 2.990200 ms (FindLiveObjects: 0.302600 ms CreateObjectMapping: 0.114400 ms MarkObjects: 2.546900 ms  DeleteObjects: 0.024800 ms)

AssetImportParameters requested are different than current active one (requested -> active):
  custom:framework-win-MediaFoundation: 216162199b28c13a410421893ffa2e32 -> 
  custom:video-decoder-ogg-theora: a1e56fd34408186e4bbccfd4996cb3dc -> 
  custom:container-muxer-webm: aa71ff27fc2769a1b78a27578f13a17b -> 
  custom:container-demuxer-webm: 4f35f7cbe854078d1ac9338744f61a02 -> 
  custom:container-demuxer-ogg: 62fdf1f143b41e24485cea50d1cbac27 -> 
  custom:video-encoder-webm-vp8: eb34c28f22e8b96e1ab97ce403110664 -> 
  custom:video-decoder-webm-vp8: 9c59270c3fd7afecdb556c50c9e8de78 -> 
  custom:audio-decoder-ogg-vorbis: bf7c407c2cedff20999df2af8eb42d56 -> 
  custom:audio-encoder-webm-vorbis: bf7c407c2cedff20999df2af8eb42d56 -> 
========================================================================
Received Import Request.
  Time since last request: 951.418170 seconds.
  path: Assets/XRI/Settings/Resources/InteractionLayerSettings.asset
  artifactKey: Guid(e5adacfbc47cb724c8a7c09a0aa4edd6) Importer(815301076,1909f56bfc062723c751e8b465ee728b)
Start importing Assets/XRI/Settings/Resources/InteractionLayerSettings.asset using Guid(e5adacfbc47cb724c8a7c09a0aa4edd6) Importer(815301076,1909f56bfc062723c751e8b465ee728b)  -> (artifact id: '1f40d03c6449b950165c1035688023a9') in 0.086484 seconds 
  Import took 0.093406 seconds .

========================================================================
Received Prepare
Registering precompiled user dll's ...
Registered in 0.004546 seconds.
Begin MonoManager ReloadAssembly
Native extension for WindowsStandalone target not found
Refreshing native plugins compatible for Editor in 1.03 ms, found 12 plugins.
Preloading 2 native plugins for Editor in 0.10 ms.
Mono: successfully reloaded assembly
- Completed reload, in  0.903 seconds
Domain Reload Profiling:
	ReloadAssembly (904ms)
		BeginReloadAssembly (85ms)
			ExecutionOrderSort (0ms)
			DisableScriptedObjects (3ms)
			BackupInstance (0ms)
			ReleaseScriptingObjects (0ms)
			CreateAndSetChildDomain (33ms)
		EndReloadAssembly (778ms)
			LoadAssemblies (67ms)
			RebuildTransferFunctionScriptingTraits (0ms)
			SetupTypeCache (247ms)
			ReleaseScriptCaches (1ms)
			RebuildScriptCaches (34ms)
			SetupLoadedEditorAssemblies (341ms)
				LogAssemblyErrors (0ms)
				InitializePlatformSupportModulesInManaged (3ms)
				SetLoadedEditorAssemblies (0ms)
				RefreshPlugins (1ms)
				BeforeProcessingInitializeOnLoad (75ms)
				ProcessInitializeOnLoadAttributes (254ms)
				ProcessInitializeOnLoadMethodAttributes (6ms)
				AfterProcessingInitializeOnLoad (2ms)
				EditorAssembliesLoaded (0ms)
			ExecutionOrderSort2 (0ms)
			AwakeInstancesAfterBackupRestoration (8ms)
Platform modules already initialized, skipping
Shader 'Oculus/OVRMRCameraFrameLit': fallback shader 'Alpha-Diffuse' not found
Shader 'Universal Render Pipeline/Particles/Lit': fallback shader 'Universal Render Pipeline/Particles/SimpleLit' not found
Refreshing native plugins compatible for Editor in 1.04 ms, found 12 plugins.
Preloading 2 native plugins for Editor in 0.07 ms.
Unloading 4152 Unused Serialized files (Serialized files now loaded: 0)
System memory in use before: 196.4 MB.
System memory in use after: 196.6 MB.

Unloading 41 unused Assets to reduce memory usage. Loaded Objects now: 4852.
Total: 2.886800 ms (FindLiveObjects: 0.253000 ms CreateObjectMapping: 0.122900 ms MarkObjects: 2.486200 ms  DeleteObjects: 0.023600 ms)

AssetImportParameters requested are different than current active one (requested -> active):
  custom:framework-win-MediaFoundation: 216162199b28c13a410421893ffa2e32 -> 
  custom:video-decoder-ogg-theora: a1e56fd34408186e4bbccfd4996cb3dc -> 
  custom:container-muxer-webm: aa71ff27fc2769a1b78a27578f13a17b -> 
  custom:container-demuxer-webm: 4f35f7cbe854078d1ac9338744f61a02 -> 
  custom:container-demuxer-ogg: 62fdf1f143b41e24485cea50d1cbac27 -> 
  custom:video-encoder-webm-vp8: eb34c28f22e8b96e1ab97ce403110664 -> 
  custom:video-decoder-webm-vp8: 9c59270c3fd7afecdb556c50c9e8de78 -> 
  custom:audio-decoder-ogg-vorbis: bf7c407c2cedff20999df2af8eb42d56 -> 
  custom:audio-encoder-webm-vorbis: bf7c407c2cedff20999df2af8eb42d56 -> 
========================================================================
Received Prepare
Registering precompiled user dll's ...
Registered in 0.004847 seconds.
Begin MonoManager ReloadAssembly
Native extension for WindowsStandalone target not found
Refreshing native plugins compatible for Editor in 1.03 ms, found 12 plugins.
Preloading 2 native plugins for Editor in 0.07 ms.
Mono: successfully reloaded assembly
- Completed reload, in  1.156 seconds
Domain Reload Profiling:
	ReloadAssembly (1156ms)
		BeginReloadAssembly (79ms)
			ExecutionOrderSort (0ms)
			DisableScriptedObjects (4ms)
			BackupInstance (0ms)
			ReleaseScriptingObjects (0ms)
			CreateAndSetChildDomain (28ms)
		EndReloadAssembly (1024ms)
			LoadAssemblies (64ms)
			RebuildTransferFunctionScriptingTraits (0ms)
			SetupTypeCache (283ms)
			ReleaseScriptCaches (1ms)
			RebuildScriptCaches (94ms)
			SetupLoadedEditorAssemblies (429ms)
				LogAssemblyErrors (0ms)
				InitializePlatformSupportModulesInManaged (3ms)
				SetLoadedEditorAssemblies (0ms)
				RefreshPlugins (1ms)
				BeforeProcessingInitializeOnLoad (70ms)
				ProcessInitializeOnLoadAttributes (348ms)
				ProcessInitializeOnLoadMethodAttributes (6ms)
				AfterProcessingInitializeOnLoad (2ms)
				EditorAssembliesLoaded (0ms)
			ExecutionOrderSort2 (0ms)
			AwakeInstancesAfterBackupRestoration (7ms)
Platform modules already initialized, skipping
Shader 'Oculus/OVRMRCameraFrameLit': fallback shader 'Alpha-Diffuse' not found
Shader 'Universal Render Pipeline/Particles/Lit': fallback shader 'Universal Render Pipeline/Particles/SimpleLit' not found
Refreshing native plugins compatible for Editor in 1.01 ms, found 12 plugins.
Preloading 2 native plugins for Editor in 0.06 ms.
Unloading 4152 Unused Serialized files (Serialized files now loaded: 0)
System memory in use before: 196.4 MB.
System memory in use after: 196.6 MB.

Unloading 41 unused Assets to reduce memory usage. Loaded Objects now: 4855.
Total: 3.197300 ms (FindLiveObjects: 0.328400 ms CreateObjectMapping: 0.167900 ms MarkObjects: 2.671000 ms  DeleteObjects: 0.029000 ms)

AssetImportParameters requested are different than current active one (requested -> active):
  custom:framework-win-MediaFoundation: 216162199b28c13a410421893ffa2e32 -> 
  custom:video-decoder-ogg-theora: a1e56fd34408186e4bbccfd4996cb3dc -> 
  custom:container-muxer-webm: aa71ff27fc2769a1b78a27578f13a17b -> 
  custom:container-demuxer-webm: 4f35f7cbe854078d1ac9338744f61a02 -> 
  custom:container-demuxer-ogg: 62fdf1f143b41e24485cea50d1cbac27 -> 
  custom:video-encoder-webm-vp8: eb34c28f22e8b96e1ab97ce403110664 -> 
  custom:video-decoder-webm-vp8: 9c59270c3fd7afecdb556c50c9e8de78 -> 
  custom:audio-decoder-ogg-vorbis: bf7c407c2cedff20999df2af8eb42d56 -> 
  custom:audio-encoder-webm-vorbis: bf7c407c2cedff20999df2af8eb42d56 -> 
========================================================================
Received Prepare
Registering precompiled user dll's ...
Registered in 0.005022 seconds.
Begin MonoManager ReloadAssembly
Native extension for WindowsStandalone target not found
Refreshing native plugins compatible for Editor in 1.02 ms, found 12 plugins.
Preloading 2 native plugins for Editor in 0.07 ms.
Mono: successfully reloaded assembly
- Completed reload, in  1.110 seconds
Domain Reload Profiling:
	ReloadAssembly (1110ms)
		BeginReloadAssembly (82ms)
			ExecutionOrderSort (0ms)
			DisableScriptedObjects (3ms)
			BackupInstance (0ms)
			ReleaseScriptingObjects (0ms)
			CreateAndSetChildDomain (29ms)
		EndReloadAssembly (987ms)
			LoadAssemblies (68ms)
			RebuildTransferFunctionScriptingTraits (0ms)
			SetupTypeCache (356ms)
			ReleaseScriptCaches (1ms)
			RebuildScriptCaches (36ms)
			SetupLoadedEditorAssemblies (391ms)
				LogAssemblyErrors (0ms)
				InitializePlatformSupportModulesInManaged (3ms)
				SetLoadedEditorAssemblies (0ms)
				RefreshPlugins (1ms)
				BeforeProcessingInitializeOnLoad (75ms)
				ProcessInitializeOnLoadAttributes (300ms)
				ProcessInitializeOnLoadMethodAttributes (9ms)
				AfterProcessingInitializeOnLoad (2ms)
				EditorAssembliesLoaded (0ms)
			ExecutionOrderSort2 (0ms)
			AwakeInstancesAfterBackupRestoration (14ms)
Platform modules already initialized, skipping
Shader 'Oculus/OVRMRCameraFrameLit': fallback shader 'Alpha-Diffuse' not found
Shader 'Universal Render Pipeline/Particles/Lit': fallback shader 'Universal Render Pipeline/Particles/SimpleLit' not found
Refreshing native plugins compatible for Editor in 1.18 ms, found 12 plugins.
Preloading 2 native plugins for Editor in 0.07 ms.
Unloading 4152 Unused Serialized files (Serialized files now loaded: 0)
System memory in use before: 196.4 MB.
System memory in use after: 196.7 MB.

Unloading 41 unused Assets to reduce memory usage. Loaded Objects now: 4858.
Total: 2.811300 ms (FindLiveObjects: 0.277700 ms CreateObjectMapping: 0.123900 ms MarkObjects: 2.385200 ms  DeleteObjects: 0.023500 ms)

AssetImportParameters requested are different than current active one (requested -> active):
  custom:framework-win-MediaFoundation: 216162199b28c13a410421893ffa2e32 -> 
  custom:video-decoder-ogg-theora: a1e56fd34408186e4bbccfd4996cb3dc -> 
  custom:container-muxer-webm: aa71ff27fc2769a1b78a27578f13a17b -> 
  custom:container-demuxer-webm: 4f35f7cbe854078d1ac9338744f61a02 -> 
  custom:container-demuxer-ogg: 62fdf1f143b41e24485cea50d1cbac27 -> 
  custom:video-encoder-webm-vp8: eb34c28f22e8b96e1ab97ce403110664 -> 
  custom:video-decoder-webm-vp8: 9c59270c3fd7afecdb556c50c9e8de78 -> 
  custom:audio-decoder-ogg-vorbis: bf7c407c2cedff20999df2af8eb42d56 -> 
  custom:audio-encoder-webm-vorbis: bf7c407c2cedff20999df2af8eb42d56 -> 
========================================================================
Received Prepare
Registering precompiled user dll's ...
Registered in 0.004233 seconds.
Begin MonoManager ReloadAssembly
Native extension for WindowsStandalone target not found
Refreshing native plugins compatible for Editor in 1.05 ms, found 12 plugins.
Preloading 2 native plugins for Editor in 0.07 ms.
Mono: successfully reloaded assembly
- Completed reload, in  0.902 seconds
Domain Reload Profiling:
	ReloadAssembly (902ms)
		BeginReloadAssembly (77ms)
			ExecutionOrderSort (0ms)
			DisableScriptedObjects (3ms)
			BackupInstance (0ms)
			ReleaseScriptingObjects (0ms)
			CreateAndSetChildDomain (27ms)
		EndReloadAssembly (784ms)
			LoadAssemblies (72ms)
			RebuildTransferFunctionScriptingTraits (0ms)
			SetupTypeCache (271ms)
			ReleaseScriptCaches (1ms)
			RebuildScriptCaches (34ms)
			SetupLoadedEditorAssemblies (322ms)
				LogAssemblyErrors (0ms)
				InitializePlatformSupportModulesInManaged (3ms)
				SetLoadedEditorAssemblies (0ms)
				RefreshPlugins (1ms)
				BeforeProcessingInitializeOnLoad (68ms)
				ProcessInitializeOnLoadAttributes (242ms)
				ProcessInitializeOnLoadMethodAttributes (6ms)
				AfterProcessingInitializeOnLoad (2ms)
				EditorAssembliesLoaded (0ms)
			ExecutionOrderSort2 (0ms)
			AwakeInstancesAfterBackupRestoration (7ms)
Platform modules already initialized, skipping
Shader 'Oculus/OVRMRCameraFrameLit': fallback shader 'Alpha-Diffuse' not found
Shader 'Universal Render Pipeline/Particles/Lit': fallback shader 'Universal Render Pipeline/Particles/SimpleLit' not found
Refreshing native plugins compatible for Editor in 1.01 ms, found 12 plugins.
Preloading 2 native plugins for Editor in 0.06 ms.
Unloading 4152 Unused Serialized files (Serialized files now loaded: 0)
System memory in use before: 196.4 MB.
System memory in use after: 196.7 MB.

Unloading 41 unused Assets to reduce memory usage. Loaded Objects now: 4861.
Total: 2.858600 ms (FindLiveObjects: 0.259300 ms CreateObjectMapping: 0.131700 ms MarkObjects: 2.445900 ms  DeleteObjects: 0.020800 ms)

AssetImportParameters requested are different than current active one (requested -> active):
  custom:framework-win-MediaFoundation: 216162199b28c13a410421893ffa2e32 -> 
  custom:video-decoder-ogg-theora: a1e56fd34408186e4bbccfd4996cb3dc -> 
  custom:container-muxer-webm: aa71ff27fc2769a1b78a27578f13a17b -> 
  custom:container-demuxer-webm: 4f35f7cbe854078d1ac9338744f61a02 -> 
  custom:container-demuxer-ogg: 62fdf1f143b41e24485cea50d1cbac27 -> 
  custom:video-encoder-webm-vp8: eb34c28f22e8b96e1ab97ce403110664 -> 
  custom:video-decoder-webm-vp8: 9c59270c3fd7afecdb556c50c9e8de78 -> 
  custom:audio-decoder-ogg-vorbis: bf7c407c2cedff20999df2af8eb42d56 -> 
  custom:audio-encoder-webm-vorbis: bf7c407c2cedff20999df2af8eb42d56 -> 
========================================================================
Received Prepare
Registering precompiled user dll's ...
Registered in 0.006235 seconds.
Begin MonoManager ReloadAssembly
Native extension for WindowsStandalone target not found
Refreshing native plugins compatible for Editor in 1.08 ms, found 12 plugins.
Preloading 2 native plugins for Editor in 0.08 ms.
Mono: successfully reloaded assembly
- Completed reload, in  0.992 seconds
Domain Reload Profiling:
	ReloadAssembly (993ms)
		BeginReloadAssembly (100ms)
			ExecutionOrderSort (0ms)
			DisableScriptedObjects (3ms)
			BackupInstance (0ms)
			ReleaseScriptingObjects (0ms)
			CreateAndSetChildDomain (48ms)
		EndReloadAssembly (842ms)
			LoadAssemblies (64ms)
			RebuildTransferFunctionScriptingTraits (0ms)
			SetupTypeCache (243ms)
			ReleaseScriptCaches (1ms)
			RebuildScriptCaches (34ms)
			SetupLoadedEditorAssemblies (414ms)
				LogAssemblyErrors (0ms)
				InitializePlatformSupportModulesInManaged (3ms)
				SetLoadedEditorAssemblies (0ms)
				RefreshPlugins (1ms)
				BeforeProcessingInitializeOnLoad (67ms)
				ProcessInitializeOnLoadAttributes (335ms)
				ProcessInitializeOnLoadMethodAttributes (6ms)
				AfterProcessingInitializeOnLoad (2ms)
				EditorAssembliesLoaded (0ms)
			ExecutionOrderSort2 (0ms)
			AwakeInstancesAfterBackupRestoration (8ms)
Platform modules already initialized, skipping
Shader 'Oculus/OVRMRCameraFrameLit': fallback shader 'Alpha-Diffuse' not found
Shader 'Universal Render Pipeline/Particles/Lit': fallback shader 'Universal Render Pipeline/Particles/SimpleLit' not found
Refreshing native plugins compatible for Editor in 1.04 ms, found 12 plugins.
Preloading 2 native plugins for Editor in 0.07 ms.
Unloading 4152 Unused Serialized files (Serialized files now loaded: 0)
System memory in use before: 196.4 MB.
System memory in use after: 196.7 MB.

Unloading 41 unused Assets to reduce memory usage. Loaded Objects now: 4864.
Total: 3.106100 ms (FindLiveObjects: 0.287200 ms CreateObjectMapping: 0.148900 ms MarkObjects: 2.634000 ms  DeleteObjects: 0.034500 ms)

AssetImportParameters requested are different than current active one (requested -> active):
  custom:framework-win-MediaFoundation: 216162199b28c13a410421893ffa2e32 -> 
  custom:video-decoder-ogg-theora: a1e56fd34408186e4bbccfd4996cb3dc -> 
  custom:container-muxer-webm: aa71ff27fc2769a1b78a27578f13a17b -> 
  custom:container-demuxer-webm: 4f35f7cbe854078d1ac9338744f61a02 -> 
  custom:container-demuxer-ogg: 62fdf1f143b41e24485cea50d1cbac27 -> 
  custom:video-encoder-webm-vp8: eb34c28f22e8b96e1ab97ce403110664 -> 
  custom:video-decoder-webm-vp8: 9c59270c3fd7afecdb556c50c9e8de78 -> 
  custom:audio-decoder-ogg-vorbis: bf7c407c2cedff20999df2af8eb42d56 -> 
  custom:audio-encoder-webm-vorbis: bf7c407c2cedff20999df2af8eb42d56 -> 
========================================================================
Received Prepare
Registering precompiled user dll's ...
Registered in 0.004214 seconds.
Begin MonoManager ReloadAssembly
Native extension for WindowsStandalone target not found
Refreshing native plugins compatible for Editor in 1.00 ms, found 12 plugins.
Preloading 2 native plugins for Editor in 0.07 ms.
Mono: successfully reloaded assembly
- Completed reload, in  0.917 seconds
Domain Reload Profiling:
	ReloadAssembly (918ms)
		BeginReloadAssembly (79ms)
			ExecutionOrderSort (0ms)
			DisableScriptedObjects (3ms)
			BackupInstance (0ms)
			ReleaseScriptingObjects (0ms)
			CreateAndSetChildDomain (29ms)
		EndReloadAssembly (788ms)
			LoadAssemblies (65ms)
			RebuildTransferFunctionScriptingTraits (0ms)
			SetupTypeCache (275ms)
			ReleaseScriptCaches (1ms)
			RebuildScriptCaches (34ms)
			SetupLoadedEditorAssemblies (328ms)
				LogAssemblyErrors (0ms)
				InitializePlatformSupportModulesInManaged (3ms)
				SetLoadedEditorAssemblies (0ms)
				RefreshPlugins (1ms)
				BeforeProcessingInitializeOnLoad (68ms)
				ProcessInitializeOnLoadAttributes (249ms)
				ProcessInitializeOnLoadMethodAttributes (5ms)
				AfterProcessingInitializeOnLoad (1ms)
				EditorAssembliesLoaded (0ms)
			ExecutionOrderSort2 (0ms)
			AwakeInstancesAfterBackupRestoration (7ms)
Platform modules already initialized, skipping
Shader 'Oculus/OVRMRCameraFrameLit': fallback shader 'Alpha-Diffuse' not found
Shader 'Universal Render Pipeline/Particles/Lit': fallback shader 'Universal Render Pipeline/Particles/SimpleLit' not found
Refreshing native plugins compatible for Editor in 1.03 ms, found 12 plugins.
Preloading 2 native plugins for Editor in 0.06 ms.
Unloading 4152 Unused Serialized files (Serialized files now loaded: 0)
System memory in use before: 196.4 MB.
System memory in use after: 196.7 MB.

Unloading 41 unused Assets to reduce memory usage. Loaded Objects now: 4867.
Total: 3.066500 ms (FindLiveObjects: 0.385500 ms CreateObjectMapping: 0.152900 ms MarkObjects: 2.489800 ms  DeleteObjects: 0.037100 ms)

AssetImportParameters requested are different than current active one (requested -> active):
  custom:framework-win-MediaFoundation: 216162199b28c13a410421893ffa2e32 -> 
  custom:video-decoder-ogg-theora: a1e56fd34408186e4bbccfd4996cb3dc -> 
  custom:container-muxer-webm: aa71ff27fc2769a1b78a27578f13a17b -> 
  custom:container-demuxer-webm: 4f35f7cbe854078d1ac9338744f61a02 -> 
  custom:container-demuxer-ogg: 62fdf1f143b41e24485cea50d1cbac27 -> 
  custom:video-encoder-webm-vp8: eb34c28f22e8b96e1ab97ce403110664 -> 
  custom:video-decoder-webm-vp8: 9c59270c3fd7afecdb556c50c9e8de78 -> 
  custom:audio-decoder-ogg-vorbis: bf7c407c2cedff20999df2af8eb42d56 -> 
  custom:audio-encoder-webm-vorbis: bf7c407c2cedff20999df2af8eb42d56 -> 
========================================================================
Received Prepare
Registering precompiled user dll's ...
Registered in 0.004223 seconds.
Begin MonoManager ReloadAssembly
Native extension for WindowsStandalone target not found
Refreshing native plugins compatible for Editor in 1.06 ms, found 12 plugins.
Preloading 2 native plugins for Editor in 0.08 ms.
Mono: successfully reloaded assembly
- Completed reload, in  0.937 seconds
Domain Reload Profiling:
	ReloadAssembly (937ms)
		BeginReloadAssembly (89ms)
			ExecutionOrderSort (0ms)
			DisableScriptedObjects (3ms)
			BackupInstance (0ms)
			ReleaseScriptingObjects (0ms)
			CreateAndSetChildDomain (31ms)
		EndReloadAssembly (802ms)
			LoadAssemblies (75ms)
			RebuildTransferFunctionScriptingTraits (0ms)
			SetupTypeCache (283ms)
			ReleaseScriptCaches (1ms)
			RebuildScriptCaches (33ms)
			SetupLoadedEditorAssemblies (333ms)
				LogAssemblyErrors (0ms)
				InitializePlatformSupportModulesInManaged (3ms)
				SetLoadedEditorAssemblies (0ms)
				RefreshPlugins (1ms)
				BeforeProcessingInitializeOnLoad (73ms)
				ProcessInitializeOnLoadAttributes (248ms)
				ProcessInitializeOnLoadMethodAttributes (5ms)
				AfterProcessingInitializeOnLoad (1ms)
				EditorAssembliesLoaded (0ms)
			ExecutionOrderSort2 (0ms)
			AwakeInstancesAfterBackupRestoration (7ms)
Platform modules already initialized, skipping
Shader 'Oculus/OVRMRCameraFrameLit': fallback shader 'Alpha-Diffuse' not found
Shader 'Universal Render Pipeline/Particles/Lit': fallback shader 'Universal Render Pipeline/Particles/SimpleLit' not found
Refreshing native plugins compatible for Editor in 1.14 ms, found 12 plugins.
Preloading 2 native plugins for Editor in 0.08 ms.
Unloading 4152 Unused Serialized files (Serialized files now loaded: 0)
System memory in use before: 196.4 MB.
System memory in use after: 196.7 MB.

Unloading 41 unused Assets to reduce memory usage. Loaded Objects now: 4870.
Total: 2.918600 ms (FindLiveObjects: 0.261400 ms CreateObjectMapping: 0.120600 ms MarkObjects: 2.505000 ms  DeleteObjects: 0.030600 ms)

AssetImportParameters requested are different than current active one (requested -> active):
  custom:framework-win-MediaFoundation: 216162199b28c13a410421893ffa2e32 -> 
  custom:video-decoder-ogg-theora: a1e56fd34408186e4bbccfd4996cb3dc -> 
  custom:container-muxer-webm: aa71ff27fc2769a1b78a27578f13a17b -> 
  custom:container-demuxer-webm: 4f35f7cbe854078d1ac9338744f61a02 -> 
  custom:container-demuxer-ogg: 62fdf1f143b41e24485cea50d1cbac27 -> 
  custom:video-encoder-webm-vp8: eb34c28f22e8b96e1ab97ce403110664 -> 
  custom:video-decoder-webm-vp8: 9c59270c3fd7afecdb556c50c9e8de78 -> 
  custom:audio-decoder-ogg-vorbis: bf7c407c2cedff20999df2af8eb42d56 -> 
  custom:audio-encoder-webm-vorbis: bf7c407c2cedff20999df2af8eb42d56 -> 
========================================================================
Received Prepare
Registering precompiled user dll's ...
Registered in 0.004219 seconds.
Begin MonoManager ReloadAssembly
Native extension for WindowsStandalone target not found
Refreshing native plugins compatible for Editor in 1.06 ms, found 12 plugins.
Preloading 2 native plugins for Editor in 0.07 ms.
Mono: successfully reloaded assembly
- Completed reload, in  0.985 seconds
Domain Reload Profiling:
	ReloadAssembly (985ms)
		BeginReloadAssembly (77ms)
			ExecutionOrderSort (0ms)
			DisableScriptedObjects (3ms)
			BackupInstance (0ms)
			ReleaseScriptingObjects (0ms)
			CreateAndSetChildDomain (26ms)
		EndReloadAssembly (867ms)
			LoadAssemblies (62ms)
			RebuildTransferFunctionScriptingTraits (0ms)
			SetupTypeCache (271ms)
			ReleaseScriptCaches (1ms)
			RebuildScriptCaches (36ms)
			SetupLoadedEditorAssemblies (335ms)
				LogAssemblyErrors (0ms)
				InitializePlatformSupportModulesInManaged (3ms)
				SetLoadedEditorAssemblies (0ms)
				RefreshPlugins (1ms)
				BeforeProcessingInitializeOnLoad (73ms)
				ProcessInitializeOnLoadAttributes (250ms)
				ProcessInitializeOnLoadMethodAttributes (6ms)
				AfterProcessingInitializeOnLoad (2ms)
				EditorAssembliesLoaded (0ms)
			ExecutionOrderSort2 (0ms)
			AwakeInstancesAfterBackupRestoration (7ms)
Platform modules already initialized, skipping
Shader 'Oculus/OVRMRCameraFrameLit': fallback shader 'Alpha-Diffuse' not found
Shader 'Universal Render Pipeline/Particles/Lit': fallback shader 'Universal Render Pipeline/Particles/SimpleLit' not found
Refreshing native plugins compatible for Editor in 1.01 ms, found 12 plugins.
Preloading 2 native plugins for Editor in 0.06 ms.
Unloading 4152 Unused Serialized files (Serialized files now loaded: 0)
System memory in use before: 196.4 MB.
System memory in use after: 196.7 MB.

Unloading 41 unused Assets to reduce memory usage. Loaded Objects now: 4873.
Total: 2.961600 ms (FindLiveObjects: 0.323500 ms CreateObjectMapping: 0.174500 ms MarkObjects: 2.329000 ms  DeleteObjects: 0.133900 ms)

AssetImportParameters requested are different than current active one (requested -> active):
  custom:framework-win-MediaFoundation: 216162199b28c13a410421893ffa2e32 -> 
  custom:video-decoder-ogg-theora: a1e56fd34408186e4bbccfd4996cb3dc -> 
  custom:container-muxer-webm: aa71ff27fc2769a1b78a27578f13a17b -> 
  custom:container-demuxer-webm: 4f35f7cbe854078d1ac9338744f61a02 -> 
  custom:container-demuxer-ogg: 62fdf1f143b41e24485cea50d1cbac27 -> 
  custom:video-encoder-webm-vp8: eb34c28f22e8b96e1ab97ce403110664 -> 
  custom:video-decoder-webm-vp8: 9c59270c3fd7afecdb556c50c9e8de78 -> 
  custom:audio-decoder-ogg-vorbis: bf7c407c2cedff20999df2af8eb42d56 -> 
  custom:audio-encoder-webm-vorbis: bf7c407c2cedff20999df2af8eb42d56 -> 
========================================================================
Received Prepare
Registering precompiled user dll's ...
Registered in 0.004231 seconds.
Begin MonoManager ReloadAssembly
Native extension for WindowsStandalone target not found
Refreshing native plugins compatible for Editor in 1.17 ms, found 12 plugins.
Preloading 2 native plugins for Editor in 0.10 ms.
Mono: successfully reloaded assembly
- Completed reload, in  0.873 seconds
Domain Reload Profiling:
	ReloadAssembly (873ms)
		BeginReloadAssembly (78ms)
			ExecutionOrderSort (0ms)
			DisableScriptedObjects (3ms)
			BackupInstance (0ms)
			ReleaseScriptingObjects (0ms)
			CreateAndSetChildDomain (28ms)
		EndReloadAssembly (755ms)
			LoadAssemblies (61ms)
			RebuildTransferFunctionScriptingTraits (0ms)
			SetupTypeCache (244ms)
			ReleaseScriptCaches (1ms)
			RebuildScriptCaches (33ms)
			SetupLoadedEditorAssemblies (330ms)
				LogAssemblyErrors (0ms)
				InitializePlatformSupportModulesInManaged (3ms)
				SetLoadedEditorAssemblies (0ms)
				RefreshPlugins (1ms)
				BeforeProcessingInitializeOnLoad (69ms)
				ProcessInitializeOnLoadAttributes (249ms)
				ProcessInitializeOnLoadMethodAttributes (6ms)
				AfterProcessingInitializeOnLoad (1ms)
				EditorAssembliesLoaded (0ms)
			ExecutionOrderSort2 (0ms)
			AwakeInstancesAfterBackupRestoration (7ms)
Platform modules already initialized, skipping
Shader 'Oculus/OVRMRCameraFrameLit': fallback shader 'Alpha-Diffuse' not found
Shader 'Universal Render Pipeline/Particles/Lit': fallback shader 'Universal Render Pipeline/Particles/SimpleLit' not found
Refreshing native plugins compatible for Editor in 1.00 ms, found 12 plugins.
Preloading 2 native plugins for Editor in 0.06 ms.
Unloading 4152 Unused Serialized files (Serialized files now loaded: 0)
System memory in use before: 196.5 MB.
System memory in use after: 196.7 MB.

Unloading 41 unused Assets to reduce memory usage. Loaded Objects now: 4876.
Total: 2.851700 ms (FindLiveObjects: 0.368500 ms CreateObjectMapping: 0.138900 ms MarkObjects: 2.316100 ms  DeleteObjects: 0.026800 ms)

AssetImportParameters requested are different than current active one (requested -> active):
  custom:framework-win-MediaFoundation: 216162199b28c13a410421893ffa2e32 -> 
  custom:video-decoder-ogg-theora: a1e56fd34408186e4bbccfd4996cb3dc -> 
  custom:container-muxer-webm: aa71ff27fc2769a1b78a27578f13a17b -> 
  custom:container-demuxer-webm: 4f35f7cbe854078d1ac9338744f61a02 -> 
  custom:container-demuxer-ogg: 62fdf1f143b41e24485cea50d1cbac27 -> 
  custom:video-encoder-webm-vp8: eb34c28f22e8b96e1ab97ce403110664 -> 
  custom:video-decoder-webm-vp8: 9c59270c3fd7afecdb556c50c9e8de78 -> 
  custom:audio-decoder-ogg-vorbis: bf7c407c2cedff20999df2af8eb42d56 -> 
  custom:audio-encoder-webm-vorbis: bf7c407c2cedff20999df2af8eb42d56 -> 
========================================================================
Received Import Request.
  Time since last request: 933.820589 seconds.
  path: Assets/Nokobot
  artifactKey: Guid(dde020a709c30984d938df7505edf4eb) Importer(815301076,1909f56bfc062723c751e8b465ee728b)
Start importing Assets/Nokobot using Guid(dde020a709c30984d938df7505edf4eb) Importer(815301076,1909f56bfc062723c751e8b465ee728b)  -> (artifact id: 'b1f98122ac0a32d0261ae67afe77e0c7') in 0.007931 seconds 
  Import took 0.013467 seconds .

========================================================================
Received Import Request.
  Time since last request: 1.294174 seconds.
  path: Assets/Oculus
  artifactKey: Guid(8806dac3322a6b346a4bee793eae239e) Importer(815301076,1909f56bfc062723c751e8b465ee728b)
Start importing Assets/Oculus using Guid(8806dac3322a6b346a4bee793eae239e) Importer(815301076,1909f56bfc062723c751e8b465ee728b)  -> (artifact id: '73a8f0a4de702b13ae884592e7ce3560') in 0.003976 seconds 
  Import took 0.009344 seconds .

========================================================================
Received Import Request.
  Time since last request: 3.311622 seconds.
  path: Assets/Animations
  artifactKey: Guid(034616b6a737bde4a99dab71916bab32) Importer(815301076,1909f56bfc062723c751e8b465ee728b)
Start importing Assets/Animations using Guid(034616b6a737bde4a99dab71916bab32) Importer(815301076,1909f56bfc062723c751e8b465ee728b)  -> (artifact id: '8225e7e635d1e04f05e5588538fbf5af') in 0.013847 seconds 
  Import took 0.019122 seconds .

========================================================================
Received Import Request.
  Time since last request: 6.522739 seconds.
  path: Assets/Materials/AK-47_C 1.tga
  artifactKey: Guid(fe8be99fbde449b468bbc85b14d8a1cb) Importer(815301076,1909f56bfc062723c751e8b465ee728b)
Start importing Assets/Materials/AK-47_C 1.tga using Guid(fe8be99fbde449b468bbc85b14d8a1cb) Importer(815301076,1909f56bfc062723c751e8b465ee728b)  -> (artifact id: '823ecd10d30ba2385bafbb5fe2293b53') in 0.247114 seconds 
  Import took 0.253165 seconds .

========================================================================
Received Import Request.
  Time since last request: 0.000303 seconds.
  path: Assets/Materials/Hands.mat
  artifactKey: Guid(b96963a3322470c40a5a4eba55abcbaa) Importer(815301076,1909f56bfc062723c751e8b465ee728b)
Start importing Assets/Materials/Hands.mat using Guid(b96963a3322470c40a5a4eba55abcbaa) Importer(815301076,1909f56bfc062723c751e8b465ee728b)  -> (artifact id: '201d1644aef470240900671f51a91d9d') in 0.168917 seconds 
  Import took 0.174141 seconds .

========================================================================
Received Import Request.
  Time since last request: 0.000156 seconds.
  path: Assets/Materials/Handle.mat
  artifactKey: Guid(a26264973bdd9db4fb75ff4a4460a908) Importer(815301076,1909f56bfc062723c751e8b465ee728b)
Start importing Assets/Materials/Handle.mat using Guid(a26264973bdd9db4fb75ff4a4460a908) Importer(815301076,1909f56bfc062723c751e8b465ee728b)  -> (artifact id: 'd6204521aff60cd6624edc8b71b81005') in 0.034078 seconds 
  Import took 0.039036 seconds .

========================================================================
Received Import Request.
  Time since last request: 0.000181 seconds.
  path: Assets/Materials/Guard.mat
  artifactKey: Guid(456bd7ace8a1e7c4c8c47a9cbe175505) Importer(815301076,1909f56bfc062723c751e8b465ee728b)
Start importing Assets/Materials/Guard.mat using Guid(456bd7ace8a1e7c4c8c47a9cbe175505) Importer(815301076,1909f56bfc062723c751e8b465ee728b)  -> (artifact id: 'abaa861c6899b177833bd403b5d0cb61') in 0.012474 seconds 
  Import took 0.018515 seconds .

========================================================================
Received Import Request.
  Time since last request: 0.000177 seconds.
  path: Assets/Materials/ak-54.fbx
  artifactKey: Guid(dfe6634640d2a3b489cb95d729c3ac9a) Importer(815301076,1909f56bfc062723c751e8b465ee728b)
Start importing Assets/Materials/ak-54.fbx using Guid(dfe6634640d2a3b489cb95d729c3ac9a) Importer(815301076,1909f56bfc062723c751e8b465ee728b)  -> (artifact id: 'b704034842974881c4ec7ccd1dfe04f2') in 0.249072 seconds 
  Import took 0.254834 seconds .

========================================================================
Received Import Request.
  Time since last request: 0.000173 seconds.
  path: Assets/Materials/ak-52.fbx
  artifactKey: Guid(3bfe2070cdd481745b124d884ccddfcd) Importer(815301076,1909f56bfc062723c751e8b465ee728b)
Start importing Assets/Materials/ak-52.fbx using Guid(3bfe2070cdd481745b124d884ccddfcd) Importer(815301076,1909f56bfc062723c751e8b465ee728b)  -> (artifact id: 'd74972708f3cf905a778b11e72032848') in 0.157466 seconds 
  Import took 0.163116 seconds .

========================================================================
Received Import Request.
  Time since last request: 0.000149 seconds.
  path: Assets/Materials/Table.mat
  artifactKey: Guid(95989375162ace34c97ad747a0b8a465) Importer(815301076,1909f56bfc062723c751e8b465ee728b)
Start importing Assets/Materials/Table.mat using Guid(95989375162ace34c97ad747a0b8a465) Importer(815301076,1909f56bfc062723c751e8b465ee728b)  -> (artifact id: 'eee86d7c9a96bcbf38c872bee0777ba3') in 0.010794 seconds 
  Import took 0.016159 seconds .

========================================================================
Received Import Request.
  Time since last request: 0.000137 seconds.
  path: Assets/Materials/ak-53.fbx
  artifactKey: Guid(adb140034286001439c62417d72beee2) Importer(815301076,1909f56bfc062723c751e8b465ee728b)
Start importing Assets/Materials/ak-53.fbx using Guid(adb140034286001439c62417d72beee2) Importer(815301076,1909f56bfc062723c751e8b465ee728b)  -> (artifact id: '5954940a5024b0e1ea44b2af065ce818') in 0.162312 seconds 
  Import took 0.168406 seconds .

========================================================================
Received Import Request.
  Time since last request: 0.000148 seconds.
  path: Assets/Materials/AK-47_S.tga
  artifactKey: Guid(1da22b38c649f054792dd224bb3808d2) Importer(815301076,1909f56bfc062723c751e8b465ee728b)
Start importing Assets/Materials/AK-47_S.tga using Guid(1da22b38c649f054792dd224bb3808d2) Importer(815301076,1909f56bfc062723c751e8b465ee728b)  -> (artifact id: '00d5a5d588474ab28699e20b832a0699') in 0.037287 seconds 
  Import took 0.042398 seconds .

========================================================================
Received Import Request.
  Time since last request: 0.000211 seconds.
  path: Assets/Materials/akTexture.mat
  artifactKey: Guid(be4e710296e594d408d7abf910ab48b3) Importer(815301076,1909f56bfc062723c751e8b465ee728b)
Start importing Assets/Materials/akTexture.mat using Guid(be4e710296e594d408d7abf910ab48b3) Importer(815301076,1909f56bfc062723c751e8b465ee728b)  -> (artifact id: 'f87321021ae1c69dc2c5f4e630109463') in 0.017010 seconds 
  Import took 0.022453 seconds .

========================================================================
Received Import Request.
  Time since last request: 0.000131 seconds.
  path: Assets/Materials/Blade.mat
  artifactKey: Guid(9c0b1c14587c5e845be28194ce063114) Importer(815301076,1909f56bfc062723c751e8b465ee728b)
Start importing Assets/Materials/Blade.mat using Guid(9c0b1c14587c5e845be28194ce063114) Importer(815301076,1909f56bfc062723c751e8b465ee728b)  -> (artifact id: 'a99f64cb601d260e0ccd183f0235cf4e') in 0.010033 seconds 
  Import took 0.015322 seconds .

========================================================================
Received Import Request.
  Time since last request: 0.000187 seconds.
  path: Assets/Materials/Ground.mat
  artifactKey: Guid(ec6298604958f4b4ca79b2c759e6f534) Importer(815301076,1909f56bfc062723c751e8b465ee728b)
Start importing Assets/Materials/Ground.mat using Guid(ec6298604958f4b4ca79b2c759e6f534) Importer(815301076,1909f56bfc062723c751e8b465ee728b)  -> (artifact id: '8865e899d95827a5f1aa12d76c82ff0e') in 0.016006 seconds 
  Import took 0.021839 seconds .

========================================================================
Received Import Request.
  Time since last request: 0.000133 seconds.
  path: Assets/Materials/ak-48.fbx
  artifactKey: Guid(9795dca8821879f429a861c65d65ae19) Importer(815301076,1909f56bfc062723c751e8b465ee728b)
Start importing Assets/Materials/ak-48.fbx using Guid(9795dca8821879f429a861c65d65ae19) Importer(815301076,1909f56bfc062723c751e8b465ee728b)  -> (artifact id: '646cd724944ecd9ec2543390616c36a9') in 0.147766 seconds 
  Import took 0.153650 seconds .

========================================================================
Received Import Request.
  Time since last request: 0.000171 seconds.
  path: Assets/Materials/Snapper.mat
  artifactKey: Guid(7647fe302175cdb4186ed4ab37b88f9b) Importer(815301076,1909f56bfc062723c751e8b465ee728b)
Start importing Assets/Materials/Snapper.mat using Guid(7647fe302175cdb4186ed4ab37b88f9b) Importer(815301076,1909f56bfc062723c751e8b465ee728b)  -> (artifact id: '9a5db06b7d425a16c81fa8ce4e34bdfe') in 0.010839 seconds 
  Import took 0.016162 seconds .

========================================================================
Received Import Request.
  Time since last request: 0.000138 seconds.
  path: Assets/Materials/ak-51.fbx
  artifactKey: Guid(d1ddc7fcd17c41342b8643658e7c2bf4) Importer(815301076,1909f56bfc062723c751e8b465ee728b)
Start importing Assets/Materials/ak-51.fbx using Guid(d1ddc7fcd17c41342b8643658e7c2bf4) Importer(815301076,1909f56bfc062723c751e8b465ee728b)  -> (artifact id: 'afbb095f96f76f6d75080e999d42aefd') in 0.152683 seconds 
  Import took 0.158823 seconds .

========================================================================
Received Import Request.
  Time since last request: 0.000134 seconds.
  path: Assets/Materials/AK-47_C.tga
  artifactKey: Guid(e99c356d8c2a44045abad4e74becc000) Importer(815301076,1909f56bfc062723c751e8b465ee728b)
Start importing Assets/Materials/AK-47_C.tga using Guid(e99c356d8c2a44045abad4e74becc000) Importer(815301076,1909f56bfc062723c751e8b465ee728b)  -> (artifact id: '900c7ee141f7f77713c47e9c04ea64f0') in 0.015846 seconds 
  Import took 0.021374 seconds .

========================================================================
Received Import Request.
  Time since last request: 0.000226 seconds.
  path: Assets/Materials/ak-55.fbx
  artifactKey: Guid(e7f8234c5dbb8664087d602aec86ae6b) Importer(815301076,1909f56bfc062723c751e8b465ee728b)
Start importing Assets/Materials/ak-55.fbx using Guid(e7f8234c5dbb8664087d602aec86ae6b) Importer(815301076,1909f56bfc062723c751e8b465ee728b)  -> (artifact id: '95757166f2215fd173ea319a85b1b062') in 0.159370 seconds 
  Import took 0.165358 seconds .

========================================================================
Received Import Request.
  Time since last request: 0.000143 seconds.
  path: Assets/Materials/AK-47_S 1.tga
  artifactKey: Guid(f91b2aec843102c448916c73f0f730ed) Importer(815301076,1909f56bfc062723c751e8b465ee728b)
Start importing Assets/Materials/AK-47_S 1.tga using Guid(f91b2aec843102c448916c73f0f730ed) Importer(815301076,1909f56bfc062723c751e8b465ee728b)  -> (artifact id: 'bc9d962d2c92e4673f5ec781bb1e7753') in 0.011939 seconds 
  Import took 0.017396 seconds .

========================================================================
Received Import Request.
  Time since last request: 0.000125 seconds.
  path: Assets/Materials/Glass.mat
  artifactKey: Guid(b420afd192f90104cb205e89fce0732a) Importer(815301076,1909f56bfc062723c751e8b465ee728b)
Start importing Assets/Materials/Glass.mat using Guid(b420afd192f90104cb205e89fce0732a) Importer(815301076,1909f56bfc062723c751e8b465ee728b)  -> (artifact id: 'ad4da5f3c5c37ce5e58696743bc89a4c') in 0.013703 seconds 
  Import took 0.019391 seconds .

========================================================================
Received Import Request.
  Time since last request: 0.000148 seconds.
  path: Assets/Materials/gay number.mat
  artifactKey: Guid(6c40b70b0901f9a4583883acb79855a6) Importer(815301076,1909f56bfc062723c751e8b465ee728b)
Start importing Assets/Materials/gay number.mat using Guid(6c40b70b0901f9a4583883acb79855a6) Importer(815301076,1909f56bfc062723c751e8b465ee728b)  -> (artifact id: '906b4962e906bbf461c302ecb230c28f') in 0.016817 seconds 
  Import took 0.023001 seconds .

========================================================================
Received Prepare
Registering precompiled user dll's ...
Registered in 0.004444 seconds.
Begin MonoManager ReloadAssembly
Native extension for WindowsStandalone target not found
Refreshing native plugins compatible for Editor in 1.63 ms, found 12 plugins.
Preloading 2 native plugins for Editor in 0.11 ms.
Mono: successfully reloaded assembly
- Completed reload, in  1.144 seconds
Domain Reload Profiling:
	ReloadAssembly (1144ms)
		BeginReloadAssembly (100ms)
			ExecutionOrderSort (0ms)
			DisableScriptedObjects (5ms)
			BackupInstance (0ms)
			ReleaseScriptingObjects (0ms)
			CreateAndSetChildDomain (37ms)
		EndReloadAssembly (986ms)
			LoadAssemblies (80ms)
			RebuildTransferFunctionScriptingTraits (0ms)
			SetupTypeCache (273ms)
			ReleaseScriptCaches (1ms)
			RebuildScriptCaches (36ms)
			SetupLoadedEditorAssemblies (394ms)
				LogAssemblyErrors (0ms)
				InitializePlatformSupportModulesInManaged (5ms)
				SetLoadedEditorAssemblies (1ms)
				RefreshPlugins (2ms)
				BeforeProcessingInitializeOnLoad (81ms)
				ProcessInitializeOnLoadAttributes (296ms)
				ProcessInitializeOnLoadMethodAttributes (8ms)
				AfterProcessingInitializeOnLoad (2ms)
				EditorAssembliesLoaded (0ms)
			ExecutionOrderSort2 (0ms)
			AwakeInstancesAfterBackupRestoration (12ms)
Platform modules already initialized, skipping
Shader 'Oculus/OVRMRCameraFrameLit': fallback shader 'Alpha-Diffuse' not found
Shader 'Universal Render Pipeline/Particles/Lit': fallback shader 'Universal Render Pipeline/Particles/SimpleLit' not found
Refreshing native plugins compatible for Editor in 1.07 ms, found 12 plugins.
Preloading 2 native plugins for Editor in 0.08 ms.
Unloading 4152 Unused Serialized files (Serialized files now loaded: 0)
System memory in use before: 199.9 MB.
System memory in use after: 200.2 MB.

Unloading 41 unused Assets to reduce memory usage. Loaded Objects now: 4957.
Total: 3.747300 ms (FindLiveObjects: 0.362500 ms CreateObjectMapping: 0.279700 ms MarkObjects: 3.048100 ms  DeleteObjects: 0.054700 ms)

AssetImportParameters requested are different than current active one (requested -> active):
  custom:framework-win-MediaFoundation: 216162199b28c13a410421893ffa2e32 -> 
  custom:video-decoder-ogg-theora: a1e56fd34408186e4bbccfd4996cb3dc -> 
  custom:container-muxer-webm: aa71ff27fc2769a1b78a27578f13a17b -> 
  custom:container-demuxer-webm: 4f35f7cbe854078d1ac9338744f61a02 -> 
  custom:container-demuxer-ogg: 62fdf1f143b41e24485cea50d1cbac27 -> 
  custom:video-encoder-webm-vp8: eb34c28f22e8b96e1ab97ce403110664 -> 
  custom:video-decoder-webm-vp8: 9c59270c3fd7afecdb556c50c9e8de78 -> 
  custom:audio-decoder-ogg-vorbis: bf7c407c2cedff20999df2af8eb42d56 -> 
  custom:audio-encoder-webm-vorbis: bf7c407c2cedff20999df2af8eb42d56 -> 
========================================================================
Received Prepare
Registering precompiled user dll's ...
Registered in 0.004198 seconds.
Begin MonoManager ReloadAssembly
Native extension for WindowsStandalone target not found
Refreshing native plugins compatible for Editor in 1.10 ms, found 12 plugins.
Preloading 2 native plugins for Editor in 0.07 ms.
Mono: successfully reloaded assembly
- Completed reload, in  1.031 seconds
Domain Reload Profiling:
	ReloadAssembly (1031ms)
		BeginReloadAssembly (84ms)
			ExecutionOrderSort (0ms)
			DisableScriptedObjects (3ms)
			BackupInstance (0ms)
			ReleaseScriptingObjects (0ms)
			CreateAndSetChildDomain (32ms)
		EndReloadAssembly (896ms)
			LoadAssemblies (67ms)
			RebuildTransferFunctionScriptingTraits (0ms)
			SetupTypeCache (313ms)
			ReleaseScriptCaches (1ms)
			RebuildScriptCaches (39ms)
			SetupLoadedEditorAssemblies (366ms)
				LogAssemblyErrors (0ms)
				InitializePlatformSupportModulesInManaged (3ms)
				SetLoadedEditorAssemblies (0ms)
				RefreshPlugins (1ms)
				BeforeProcessingInitializeOnLoad (72ms)
				ProcessInitializeOnLoadAttributes (281ms)
				ProcessInitializeOnLoadMethodAttributes (6ms)
				AfterProcessingInitializeOnLoad (2ms)
				EditorAssembliesLoaded (0ms)
			ExecutionOrderSort2 (0ms)
			AwakeInstancesAfterBackupRestoration (12ms)
Platform modules already initialized, skipping
Shader 'Oculus/OVRMRCameraFrameLit': fallback shader 'Alpha-Diffuse' not found
Shader 'Universal Render Pipeline/Particles/Lit': fallback shader 'Universal Render Pipeline/Particles/SimpleLit' not found
Refreshing native plugins compatible for Editor in 1.67 ms, found 12 plugins.
Preloading 2 native plugins for Editor in 0.10 ms.
Unloading 4152 Unused Serialized files (Serialized files now loaded: 0)
System memory in use before: 199.9 MB.
System memory in use after: 200.2 MB.

Unloading 41 unused Assets to reduce memory usage. Loaded Objects now: 4960.
Total: 3.402400 ms (FindLiveObjects: 0.296600 ms CreateObjectMapping: 0.148900 ms MarkObjects: 2.926000 ms  DeleteObjects: 0.029800 ms)

AssetImportParameters requested are different than current active one (requested -> active):
  custom:framework-win-MediaFoundation: 216162199b28c13a410421893ffa2e32 -> 
  custom:video-decoder-ogg-theora: a1e56fd34408186e4bbccfd4996cb3dc -> 
  custom:container-muxer-webm: aa71ff27fc2769a1b78a27578f13a17b -> 
  custom:container-demuxer-webm: 4f35f7cbe854078d1ac9338744f61a02 -> 
  custom:container-demuxer-ogg: 62fdf1f143b41e24485cea50d1cbac27 -> 
  custom:video-encoder-webm-vp8: eb34c28f22e8b96e1ab97ce403110664 -> 
  custom:video-decoder-webm-vp8: 9c59270c3fd7afecdb556c50c9e8de78 -> 
  custom:audio-decoder-ogg-vorbis: bf7c407c2cedff20999df2af8eb42d56 -> 
  custom:audio-encoder-webm-vorbis: bf7c407c2cedff20999df2af8eb42d56 -> 
========================================================================
Received Prepare
Registering precompiled user dll's ...
Registered in 0.004746 seconds.
Begin MonoManager ReloadAssembly
Native extension for WindowsStandalone target not found
Refreshing native plugins compatible for Editor in 1.00 ms, found 12 plugins.
Preloading 2 native plugins for Editor in 0.07 ms.
Mono: successfully reloaded assembly
- Completed reload, in  0.909 seconds
Domain Reload Profiling:
	ReloadAssembly (909ms)
		BeginReloadAssembly (83ms)
			ExecutionOrderSort (0ms)
			DisableScriptedObjects (3ms)
			BackupInstance (0ms)
			ReleaseScriptingObjects (0ms)
			CreateAndSetChildDomain (31ms)
		EndReloadAssembly (786ms)
			LoadAssemblies (69ms)
			RebuildTransferFunctionScriptingTraits (0ms)
			SetupTypeCache (247ms)
			ReleaseScriptCaches (1ms)
			RebuildScriptCaches (33ms)
			SetupLoadedEditorAssemblies (331ms)
				LogAssemblyErrors (0ms)
				InitializePlatformSupportModulesInManaged (3ms)
				SetLoadedEditorAssemblies (0ms)
				RefreshPlugins (1ms)
				BeforeProcessingInitializeOnLoad (68ms)
				ProcessInitializeOnLoadAttributes (251ms)
				ProcessInitializeOnLoadMethodAttributes (5ms)
				AfterProcessingInitializeOnLoad (1ms)
				EditorAssembliesLoaded (0ms)
			ExecutionOrderSort2 (0ms)
			AwakeInstancesAfterBackupRestoration (11ms)
Platform modules already initialized, skipping
Shader 'Oculus/OVRMRCameraFrameLit': fallback shader 'Alpha-Diffuse' not found
Shader 'Universal Render Pipeline/Particles/Lit': fallback shader 'Universal Render Pipeline/Particles/SimpleLit' not found
Refreshing native plugins compatible for Editor in 1.01 ms, found 12 plugins.
Preloading 2 native plugins for Editor in 0.06 ms.
Unloading 4152 Unused Serialized files (Serialized files now loaded: 0)
System memory in use before: 199.9 MB.
System memory in use after: 200.2 MB.

Unloading 41 unused Assets to reduce memory usage. Loaded Objects now: 4963.
Total: 2.954400 ms (FindLiveObjects: 0.264600 ms CreateObjectMapping: 0.138700 ms MarkObjects: 2.527800 ms  DeleteObjects: 0.022400 ms)

AssetImportParameters requested are different than current active one (requested -> active):
  custom:framework-win-MediaFoundation: 216162199b28c13a410421893ffa2e32 -> 
  custom:video-decoder-ogg-theora: a1e56fd34408186e4bbccfd4996cb3dc -> 
  custom:container-muxer-webm: aa71ff27fc2769a1b78a27578f13a17b -> 
  custom:container-demuxer-webm: 4f35f7cbe854078d1ac9338744f61a02 -> 
  custom:container-demuxer-ogg: 62fdf1f143b41e24485cea50d1cbac27 -> 
  custom:video-encoder-webm-vp8: eb34c28f22e8b96e1ab97ce403110664 -> 
  custom:video-decoder-webm-vp8: 9c59270c3fd7afecdb556c50c9e8de78 -> 
  custom:audio-decoder-ogg-vorbis: bf7c407c2cedff20999df2af8eb42d56 -> 
  custom:audio-encoder-webm-vorbis: bf7c407c2cedff20999df2af8eb42d56 -> 
AssetImportWorkerClient::OnTransportError - code=2 error=End of file
